{"/home/travis/build/npmtest/node-npmtest-jspm/test.js":{"path":"/home/travis/build/npmtest/node-npmtest-jspm/test.js","s":{"1":2,"2":2,"3":2,"4":2,"5":2,"6":2,"7":2,"8":1,"9":2,"10":2,"11":1,"12":1,"13":1,"14":1,"15":2,"16":2,"17":2,"18":2,"19":1,"20":1,"21":2,"22":2,"23":2,"24":1,"25":1,"26":1,"27":1,"28":1,"29":1,"30":1,"31":1,"32":1,"33":1,"34":1,"35":1,"36":1,"37":2,"38":2,"39":1,"40":2,"41":2,"42":1,"43":2,"44":2,"45":1,"46":2,"47":2,"48":1,"49":1,"50":1,"51":1,"52":1},"b":{"1":[2,1,1,1],"2":[1,1,1,1],"3":[1,1],"4":[1,1],"5":[1,1],"6":[1,1],"7":[1,1],"8":[1,1],"9":[1,1,1],"10":[1,1],"11":[1,1],"12":[1,1],"13":[1,1],"14":[1,1],"15":[1,1],"16":[1,1]},"f":{"1":2,"2":2,"3":2,"4":2,"5":2,"6":1,"7":1,"8":2,"9":2,"10":2,"11":2,"12":1},"fnMap":{"1":{"name":"(anonymous_1)","line":12,"loc":{"start":{"line":12,"column":1},"end":{"line":12,"column":13}}},"2":{"name":"(anonymous_2)","line":19,"loc":{"start":{"line":19,"column":5},"end":{"line":19,"column":17}}},"3":{"name":"(anonymous_3)","line":23,"loc":{"start":{"line":23,"column":24},"end":{"line":23,"column":36}}},"4":{"name":"(anonymous_4)","line":61,"loc":{"start":{"line":61,"column":5},"end":{"line":61,"column":17}}},"5":{"name":"(anonymous_5)","line":82,"loc":{"start":{"line":82,"column":5},"end":{"line":82,"column":17}}},"6":{"name":"(anonymous_6)","line":102,"loc":{"start":{"line":102,"column":83},"end":{"line":105,"column":10}},"skip":true},"7":{"name":"(anonymous_7)","line":113,"loc":{"start":{"line":113,"column":77},"end":{"line":116,"column":10}},"skip":true},"8":{"name":"(anonymous_8)","line":129,"loc":{"start":{"line":129,"column":12},"end":{"line":129,"column":40}},"skip":true},"9":{"name":"(anonymous_9)","line":137,"loc":{"start":{"line":137,"column":77},"end":{"line":140,"column":10}},"skip":true},"10":{"name":"(anonymous_10)","line":148,"loc":{"start":{"line":148,"column":83},"end":{"line":151,"column":10}},"skip":true},"11":{"name":"(anonymous_11)","line":159,"loc":{"start":{"line":159,"column":79},"end":{"line":162,"column":10}},"skip":true},"12":{"name":"(anonymous_12)","line":170,"loc":{"start":{"line":170,"column":75},"end":{"line":173,"column":10}},"skip":true}},"statementMap":{"1":{"start":{"line":12,"column":0},"end":{"line":185,"column":5}},"2":{"start":{"line":14,"column":4},"end":{"line":14,"column":14}},"3":{"start":{"line":19,"column":4},"end":{"line":56,"column":9}},"4":{"start":{"line":21,"column":8},"end":{"line":21,"column":19}},"5":{"start":{"line":23,"column":8},"end":{"line":35,"column":13}},"6":{"start":{"line":24,"column":12},"end":{"line":34,"column":13}},"7":{"start":{"line":25,"column":16},"end":{"line":28,"column":30}},"8":{"start":{"line":30,"column":16},"end":{"line":33,"column":27}},"9":{"start":{"line":37,"column":8},"end":{"line":39,"column":21}},"10":{"start":{"line":40,"column":8},"end":{"line":53,"column":9}},"11":{"start":{"line":43,"column":12},"end":{"line":46,"column":14}},"12":{"start":{"line":47,"column":12},"end":{"line":47,"column":18}},"13":{"start":{"line":50,"column":12},"end":{"line":51,"column":46}},"14":{"start":{"line":52,"column":12},"end":{"line":52,"column":18}},"15":{"start":{"line":55,"column":8},"end":{"line":55,"column":35}},"16":{"start":{"line":61,"column":4},"end":{"line":63,"column":9}},"17":{"start":{"line":62,"column":8},"end":{"line":62,"column":15}},"18":{"start":{"line":64,"column":4},"end":{"line":77,"column":5}},"19":{"start":{"line":70,"column":8},"end":{"line":70,"column":14}},"20":{"start":{"line":76,"column":8},"end":{"line":76,"column":14}},"21":{"start":{"line":82,"column":4},"end":{"line":84,"column":9}},"22":{"start":{"line":83,"column":8},"end":{"line":83,"column":15}},"23":{"start":{"line":85,"column":4},"end":{"line":184,"column":5}},"24":{"start":{"line":92,"column":8},"end":{"line":94,"column":63}},"25":{"start":{"line":95,"column":8},"end":{"line":95,"column":14}},"26":{"start":{"line":102,"column":8},"end":{"line":111,"column":10},"skip":true},"27":{"start":{"line":109,"column":12},"end":{"line":109,"column":55},"skip":true},"28":{"start":{"line":110,"column":12},"end":{"line":110,"column":48},"skip":true},"29":{"start":{"line":113,"column":8},"end":{"line":126,"column":10},"skip":true},"30":{"start":{"line":120,"column":12},"end":{"line":120,"column":76},"skip":true},"31":{"start":{"line":121,"column":12},"end":{"line":121,"column":73},"skip":true},"32":{"start":{"line":122,"column":12},"end":{"line":122,"column":74},"skip":true},"33":{"start":{"line":123,"column":12},"end":{"line":123,"column":79},"skip":true},"34":{"start":{"line":124,"column":12},"end":{"line":124,"column":25},"skip":true},"35":{"start":{"line":125,"column":12},"end":{"line":125,"column":45},"skip":true},"36":{"start":{"line":128,"column":8},"end":{"line":135,"column":14},"skip":true},"37":{"start":{"line":133,"column":16},"end":{"line":133,"column":29},"skip":true},"38":{"start":{"line":134,"column":16},"end":{"line":134,"column":55},"skip":true},"39":{"start":{"line":137,"column":8},"end":{"line":146,"column":10},"skip":true},"40":{"start":{"line":144,"column":12},"end":{"line":144,"column":25},"skip":true},"41":{"start":{"line":145,"column":12},"end":{"line":145,"column":45},"skip":true},"42":{"start":{"line":148,"column":8},"end":{"line":157,"column":10},"skip":true},"43":{"start":{"line":155,"column":12},"end":{"line":155,"column":25},"skip":true},"44":{"start":{"line":156,"column":12},"end":{"line":156,"column":48},"skip":true},"45":{"start":{"line":159,"column":8},"end":{"line":168,"column":10},"skip":true},"46":{"start":{"line":166,"column":12},"end":{"line":166,"column":25},"skip":true},"47":{"start":{"line":167,"column":12},"end":{"line":167,"column":46},"skip":true},"48":{"start":{"line":170,"column":8},"end":{"line":179,"column":10},"skip":true},"49":{"start":{"line":177,"column":12},"end":{"line":177,"column":94},"skip":true},"50":{"start":{"line":178,"column":12},"end":{"line":178,"column":48},"skip":true},"51":{"start":{"line":182,"column":8},"end":{"line":182,"column":35},"skip":true},"52":{"start":{"line":183,"column":8},"end":{"line":183,"column":14},"skip":true}},"branchMap":{"1":{"line":25,"type":"binary-expr","locations":[{"start":{"line":25,"column":23},"end":{"line":25,"column":62}},{"start":{"line":26,"column":20},"end":{"line":26,"column":70}},{"start":{"line":27,"column":20},"end":{"line":27,"column":71}},{"start":{"line":28,"column":20},"end":{"line":28,"column":29}}]},"2":{"line":30,"type":"binary-expr","locations":[{"start":{"line":30,"column":23},"end":{"line":30,"column":37}},{"start":{"line":31,"column":20},"end":{"line":31,"column":61}},{"start":{"line":32,"column":20},"end":{"line":32,"column":70}},{"start":{"line":33,"column":20},"end":{"line":33,"column":26}}]},"3":{"line":37,"type":"cond-expr","locations":[{"start":{"line":38,"column":14},"end":{"line":38,"column":20}},{"start":{"line":39,"column":14},"end":{"line":39,"column":20}}]},"4":{"line":40,"type":"switch","locations":[{"start":{"line":42,"column":8},"end":{"line":47,"column":18}},{"start":{"line":49,"column":8},"end":{"line":52,"column":18}}]},"5":{"line":44,"type":"binary-expr","locations":[{"start":{"line":44,"column":16},"end":{"line":44,"column":44}},{"start":{"line":44,"column":48},"end":{"line":44,"column":66}}]},"6":{"line":50,"type":"binary-expr","locations":[{"start":{"line":50,"column":21},"end":{"line":50,"column":49}},{"start":{"line":50,"column":53},"end":{"line":50,"column":72}}]},"7":{"line":64,"type":"switch","locations":[{"start":{"line":69,"column":4},"end":{"line":70,"column":14}},{"start":{"line":75,"column":4},"end":{"line":76,"column":14}}]},"8":{"line":85,"type":"switch","locations":[{"start":{"line":90,"column":4},"end":{"line":95,"column":14}},{"start":{"line":101,"column":4},"end":{"line":183,"column":14},"skip":true}]},"9":{"line":92,"type":"binary-expr","locations":[{"start":{"line":92,"column":18},"end":{"line":92,"column":32}},{"start":{"line":93,"column":12},"end":{"line":93,"column":53}},{"start":{"line":94,"column":12},"end":{"line":94,"column":61}}]},"10":{"line":102,"type":"binary-expr","locations":[{"start":{"line":102,"column":45},"end":{"line":102,"column":79},"skip":true},{"start":{"line":102,"column":83},"end":{"line":111,"column":9},"skip":true}]},"11":{"line":113,"type":"binary-expr","locations":[{"start":{"line":113,"column":42},"end":{"line":113,"column":73},"skip":true},{"start":{"line":113,"column":77},"end":{"line":126,"column":9},"skip":true}]},"12":{"line":128,"type":"binary-expr","locations":[{"start":{"line":128,"column":48},"end":{"line":128,"column":85},"skip":true},{"start":{"line":129,"column":12},"end":{"line":135,"column":13},"skip":true}]},"13":{"line":137,"type":"binary-expr","locations":[{"start":{"line":137,"column":42},"end":{"line":137,"column":73},"skip":true},{"start":{"line":137,"column":77},"end":{"line":146,"column":9},"skip":true}]},"14":{"line":148,"type":"binary-expr","locations":[{"start":{"line":148,"column":45},"end":{"line":148,"column":79},"skip":true},{"start":{"line":148,"column":83},"end":{"line":157,"column":9},"skip":true}]},"15":{"line":159,"type":"binary-expr","locations":[{"start":{"line":159,"column":43},"end":{"line":159,"column":75},"skip":true},{"start":{"line":159,"column":79},"end":{"line":168,"column":9},"skip":true}]},"16":{"line":170,"type":"binary-expr","locations":[{"start":{"line":170,"column":41},"end":{"line":170,"column":71},"skip":true},{"start":{"line":170,"column":75},"end":{"line":179,"column":9},"skip":true}]}},"code":["/* istanbul instrument in package npmtest_jspm */","/*jslint","    bitwise: true,","    browser: true,","    maxerr: 8,","    maxlen: 96,","    node: true,","    nomen: true,","    regexp: true,","    stupid: true","*/","(function () {","    'use strict';","    var local;","","","","    // run shared js-env code - pre-init","    (function () {","        // init local","        local = {};","        // init modeJs","        local.modeJs = (function () {","            try {","                return typeof navigator.userAgent === 'string' &&","                    typeof document.querySelector('body') === 'object' &&","                    typeof XMLHttpRequest.prototype.open === 'function' &&","                    'browser';","            } catch (errorCaughtBrowser) {","                return module.exports &&","                    typeof process.versions.node === 'string' &&","                    typeof require('http').createServer === 'function' &&","                    'node';","            }","        }());","        // init global","        local.global = local.modeJs === 'browser'","            ? window","            : global;","        switch (local.modeJs) {","        // re-init local from window.local","        case 'browser':","            local = local.global.utility2.objectSetDefault(","                local.global.utility2_rollup || local.global.local,","                local.global.utility2","            );","            break;","        // re-init local from example.js","        case 'node':","            local = (local.global.utility2_rollup || require('utility2'))","                .requireExampleJsFromReadme();","            break;","        }","        // export local","        local.global.local = local;","    }());","","","","    // run shared js-env code - function","    (function () {","        return;","    }());","    switch (local.modeJs) {","","","","    // run browser js-env code - function","    case 'browser':","        break;","","","","    // run node js-env code - function","    case 'node':","        break;","    }","","","","    // run shared js-env code - post-init","    (function () {","        return;","    }());","    switch (local.modeJs) {","","","","    // run browser js-env code - post-init","    case 'browser':","        // run tests","        local.nop(local.modeTest &&","            document.querySelector('#testRunButton1') &&","            document.querySelector('#testRunButton1').click());","        break;","","","","    // run node js-env code - post-init","    /* istanbul ignore next */","    case 'node':","        local.testCase_buildApidoc_default = local.testCase_buildApidoc_default || function (","            options,","            onError","        ) {","        /*","         * this function will test buildApidoc's default handling-behavior-behavior","         */","            options = { modulePathList: module.paths };","            local.buildApidoc(options, onError);","        };","","        local.testCase_buildApp_default = local.testCase_buildApp_default || function (","            options,","            onError","        ) {","        /*","         * this function will test buildApp's default handling-behavior-behavior","         */","            local.testCase_buildReadme_default(options, local.onErrorThrow);","            local.testCase_buildLib_default(options, local.onErrorThrow);","            local.testCase_buildTest_default(options, local.onErrorThrow);","            local.testCase_buildCustomOrg_default(options, local.onErrorThrow);","            options = [];","            local.buildApp(options, onError);","        };","","        local.testCase_buildCustomOrg_default = local.testCase_buildCustomOrg_default ||","            function (options, onError) {","            /*","             * this function will test buildCustomOrg's default handling-behavior","             */","                options = {};","                local.buildCustomOrg(options, onError);","            };","","        local.testCase_buildLib_default = local.testCase_buildLib_default || function (","            options,","            onError","        ) {","        /*","         * this function will test buildLib's default handling-behavior","         */","            options = {};","            local.buildLib(options, onError);","        };","","        local.testCase_buildReadme_default = local.testCase_buildReadme_default || function (","            options,","            onError","        ) {","        /*","         * this function will test buildReadme's default handling-behavior-behavior","         */","            options = {};","            local.buildReadme(options, onError);","        };","","        local.testCase_buildTest_default = local.testCase_buildTest_default || function (","            options,","            onError","        ) {","        /*","         * this function will test buildTest's default handling-behavior","         */","            options = {};","            local.buildTest(options, onError);","        };","","        local.testCase_webpage_default = local.testCase_webpage_default || function (","            options,","            onError","        ) {","        /*","         * this function will test webpage's default handling-behavior","         */","            options = { modeCoverageMerge: true, url: local.serverLocalHost + '?modeTest=1' };","            local.browserTest(options, onError);","        };","","        // run test-server","        local.testRunServer(local);","        break;","    }","}());",""],"l":{"12":2,"14":2,"19":2,"21":2,"23":2,"24":2,"25":2,"30":1,"37":2,"40":2,"43":1,"47":1,"50":1,"52":1,"55":2,"61":2,"62":2,"64":2,"70":1,"76":1,"82":2,"83":2,"85":2,"92":1,"95":1,"102":1,"109":1,"110":1,"113":1,"120":1,"121":1,"122":1,"123":1,"124":1,"125":1,"128":1,"133":2,"134":2,"137":1,"144":2,"145":2,"148":1,"155":2,"156":2,"159":1,"166":2,"167":2,"170":1,"177":1,"178":1,"182":1,"183":1}},"/home/travis/build/npmtest/node-npmtest-jspm/lib.npmtest_jspm.js":{"path":"/home/travis/build/npmtest/node-npmtest-jspm/lib.npmtest_jspm.js","s":{"1":2,"2":2,"3":2,"4":2,"5":2,"6":2,"7":2,"8":1,"9":2,"10":2,"11":2,"12":2,"13":1,"14":1,"15":1,"16":1},"b":{"1":[2,1,1,1],"2":[1,1,1,1],"3":[1,1],"4":[2,2],"5":[1,1]},"f":{"1":2,"2":2,"3":2},"fnMap":{"1":{"name":"(anonymous_1)","line":12,"loc":{"start":{"line":12,"column":1},"end":{"line":12,"column":13}}},"2":{"name":"(anonymous_2)","line":19,"loc":{"start":{"line":19,"column":5},"end":{"line":19,"column":17}}},"3":{"name":"(anonymous_3)","line":23,"loc":{"start":{"line":23,"column":24},"end":{"line":23,"column":36}}}},"statementMap":{"1":{"start":{"line":12,"column":0},"end":{"line":53,"column":5}},"2":{"start":{"line":14,"column":4},"end":{"line":14,"column":14}},"3":{"start":{"line":19,"column":4},"end":{"line":52,"column":9}},"4":{"start":{"line":21,"column":8},"end":{"line":21,"column":19}},"5":{"start":{"line":23,"column":8},"end":{"line":35,"column":13}},"6":{"start":{"line":24,"column":12},"end":{"line":34,"column":13}},"7":{"start":{"line":25,"column":16},"end":{"line":28,"column":30}},"8":{"start":{"line":30,"column":16},"end":{"line":33,"column":27}},"9":{"start":{"line":37,"column":8},"end":{"line":39,"column":21}},"10":{"start":{"line":41,"column":8},"end":{"line":41,"column":54}},"11":{"start":{"line":43,"column":8},"end":{"line":43,"column":49}},"12":{"start":{"line":45,"column":8},"end":{"line":51,"column":9}},"13":{"start":{"line":46,"column":12},"end":{"line":46,"column":55}},"14":{"start":{"line":48,"column":12},"end":{"line":48,"column":35}},"15":{"start":{"line":49,"column":12},"end":{"line":49,"column":49}},"16":{"start":{"line":50,"column":12},"end":{"line":50,"column":43}}},"branchMap":{"1":{"line":25,"type":"binary-expr","locations":[{"start":{"line":25,"column":23},"end":{"line":25,"column":62}},{"start":{"line":26,"column":20},"end":{"line":26,"column":70}},{"start":{"line":27,"column":20},"end":{"line":27,"column":71}},{"start":{"line":28,"column":20},"end":{"line":28,"column":29}}]},"2":{"line":30,"type":"binary-expr","locations":[{"start":{"line":30,"column":23},"end":{"line":30,"column":37}},{"start":{"line":31,"column":20},"end":{"line":31,"column":61}},{"start":{"line":32,"column":20},"end":{"line":32,"column":70}},{"start":{"line":33,"column":20},"end":{"line":33,"column":26}}]},"3":{"line":37,"type":"cond-expr","locations":[{"start":{"line":38,"column":14},"end":{"line":38,"column":20}},{"start":{"line":39,"column":14},"end":{"line":39,"column":20}}]},"4":{"line":41,"type":"binary-expr","locations":[{"start":{"line":41,"column":16},"end":{"line":41,"column":44}},{"start":{"line":41,"column":48},"end":{"line":41,"column":53}}]},"5":{"line":45,"type":"if","locations":[{"start":{"line":45,"column":8},"end":{"line":45,"column":8}},{"start":{"line":45,"column":8},"end":{"line":45,"column":8}}]}},"code":["/* istanbul instrument in package npmtest_jspm */","/*jslint","    bitwise: true,","    browser: true,","    maxerr: 8,","    maxlen: 96,","    node: true,","    nomen: true,","    regexp: true,","    stupid: true","*/","(function () {","    'use strict';","    var local;","","","","    // run shared js-env code - pre-init","    (function () {","        // init local","        local = {};","        // init modeJs","        local.modeJs = (function () {","            try {","                return typeof navigator.userAgent === 'string' &&","                    typeof document.querySelector('body') === 'object' &&","                    typeof XMLHttpRequest.prototype.open === 'function' &&","                    'browser';","            } catch (errorCaughtBrowser) {","                return module.exports &&","                    typeof process.versions.node === 'string' &&","                    typeof require('http').createServer === 'function' &&","                    'node';","            }","        }());","        // init global","        local.global = local.modeJs === 'browser'","            ? window","            : global;","        // init utility2_rollup","        local = local.global.utility2_rollup || local;","        // init lib","        local.local = local.npmtest_jspm = local;","        // init exports","        if (local.modeJs === 'browser') {","            local.global.utility2_npmtest_jspm = local;","        } else {","            module.exports = local;","            module.exports.__dirname = __dirname;","            module.exports.module = module;","        }","    }());","}());",""],"l":{"12":2,"14":2,"19":2,"21":2,"23":2,"24":2,"25":2,"30":1,"37":2,"41":2,"43":2,"45":2,"46":1,"48":1,"49":1,"50":1}},"/home/travis/build/npmtest/node-npmtest-jspm/example.js":{"path":"/home/travis/build/npmtest/node-npmtest-jspm/example.js","s":{"1":2,"2":2,"3":2,"4":2,"5":2,"6":2,"7":2,"8":1,"9":2,"10":2,"11":2,"12":2,"13":1,"14":2,"15":2,"16":2,"17":2,"18":2,"19":0,"20":2,"21":1,"22":1,"23":1,"24":1,"25":1,"26":0,"27":0,"28":1,"29":1,"30":2,"31":0,"32":0,"33":0,"34":1,"35":2,"36":2,"37":2,"38":2,"39":2,"40":2,"41":0,"42":2,"43":2,"44":2,"45":1,"46":3,"47":1,"48":1,"49":1,"50":1,"51":1,"52":1,"53":1,"54":1,"55":1,"56":1,"57":0,"58":1,"59":6,"60":6,"61":1,"62":2,"63":0,"64":2,"65":1,"66":1,"67":0,"68":0,"69":0,"70":0,"71":0,"72":0,"73":0,"74":0,"75":0,"76":0,"77":0,"78":0,"79":0,"80":0,"81":0,"82":0,"83":0},"b":{"1":[2,1,1,1],"2":[1,1,1,1],"3":[1,1],"4":[2,2],"5":[1,1],"6":[1,1],"7":[2,0],"8":[2,1,1,1,1,1],"9":[0,2,0],"10":[1,1],"11":[2,1,1],"12":[1,0],"13":[0,2],"14":[2,0,0,0,0,0,0],"15":[0,2],"16":[2,0],"17":[1,1],"18":[0,1],"19":[1,2,0,2],"20":[1,0],"21":[1,1],"22":[0,0],"23":[0,0],"24":[0,0],"25":[0,0],"26":[0,0],"27":[0,0],"28":[0,0]},"f":{"1":2,"2":2,"3":2,"4":2,"5":2,"6":2,"7":2,"8":2,"9":3,"10":1,"11":6,"12":0},"fnMap":{"1":{"name":"(anonymous_1)","line":26,"loc":{"start":{"line":26,"column":1},"end":{"line":26,"column":13}}},"2":{"name":"(anonymous_2)","line":33,"loc":{"start":{"line":33,"column":5},"end":{"line":33,"column":17}}},"3":{"name":"(anonymous_3)","line":37,"loc":{"start":{"line":37,"column":24},"end":{"line":37,"column":36}}},"4":{"name":"(anonymous_4)","line":69,"loc":{"start":{"line":69,"column":31},"end":{"line":69,"column":48}},"skip":true},"5":{"name":"(anonymous_5)","line":78,"loc":{"start":{"line":78,"column":26},"end":{"line":78,"column":45}},"skip":true},"6":{"name":"(anonymous_6)","line":123,"loc":{"start":{"line":123,"column":33},"end":{"line":123,"column":48}},"skip":true},"7":{"name":"(anonymous_7)","line":125,"loc":{"start":{"line":125,"column":27},"end":{"line":125,"column":39}},"skip":true},"8":{"name":"(anonymous_8)","line":133,"loc":{"start":{"line":133,"column":59},"end":{"line":133,"column":74}},"skip":true},"9":{"name":"(anonymous_9)","line":143,"loc":{"start":{"line":143,"column":45},"end":{"line":143,"column":62}},"skip":true},"10":{"name":"(anonymous_10)","line":144,"loc":{"start":{"line":144,"column":73},"end":{"line":144,"column":92}},"skip":true},"11":{"name":"(anonymous_11)","line":272,"loc":{"start":{"line":272,"column":51},"end":{"line":272,"column":77}},"skip":true},"12":{"name":"(anonymous_12)","line":314,"loc":{"start":{"line":314,"column":32},"end":{"line":314,"column":61}},"skip":true}},"statementMap":{"1":{"start":{"line":26,"column":0},"end":{"line":325,"column":5}},"2":{"start":{"line":28,"column":4},"end":{"line":28,"column":14}},"3":{"start":{"line":33,"column":4},"end":{"line":60,"column":9}},"4":{"start":{"line":35,"column":8},"end":{"line":35,"column":19}},"5":{"start":{"line":37,"column":8},"end":{"line":49,"column":13}},"6":{"start":{"line":38,"column":12},"end":{"line":48,"column":13}},"7":{"start":{"line":39,"column":16},"end":{"line":42,"column":30}},"8":{"start":{"line":44,"column":16},"end":{"line":47,"column":27}},"9":{"start":{"line":51,"column":8},"end":{"line":53,"column":21}},"10":{"start":{"line":55,"column":8},"end":{"line":57,"column":45}},"11":{"start":{"line":59,"column":8},"end":{"line":59,"column":35}},"12":{"start":{"line":61,"column":4},"end":{"line":324,"column":5}},"13":{"start":{"line":69,"column":8},"end":{"line":121,"column":10},"skip":true},"14":{"start":{"line":70,"column":12},"end":{"line":88,"column":13},"skip":true},"15":{"start":{"line":76,"column":16},"end":{"line":87,"column":19},"skip":true},"16":{"start":{"line":79,"column":20},"end":{"line":86,"column":21},"skip":true},"17":{"start":{"line":82,"column":24},"end":{"line":82,"column":43},"skip":true},"18":{"start":{"line":83,"column":24},"end":{"line":83,"column":30},"skip":true},"19":{"start":{"line":85,"column":24},"end":{"line":85,"column":49},"skip":true},"20":{"start":{"line":89,"column":12},"end":{"line":107,"column":13},"skip":true},"21":{"start":{"line":92,"column":16},"end":{"line":102,"column":17},"skip":true},"22":{"start":{"line":93,"column":20},"end":{"line":93,"column":86},"skip":true},"23":{"start":{"line":94,"column":20},"end":{"line":95,"column":45},"skip":true},"24":{"start":{"line":96,"column":20},"end":{"line":96,"column":42},"skip":true},"25":{"start":{"line":97,"column":20},"end":{"line":97,"column":48},"skip":true},"26":{"start":{"line":100,"column":20},"end":{"line":100,"column":85},"skip":true},"27":{"start":{"line":101,"column":20},"end":{"line":101,"column":96},"skip":true},"28":{"start":{"line":103,"column":16},"end":{"line":103,"column":22},"skip":true},"29":{"start":{"line":106,"column":16},"end":{"line":106,"column":22},"skip":true},"30":{"start":{"line":108,"column":12},"end":{"line":120,"column":13},"skip":true},"31":{"start":{"line":114,"column":16},"end":{"line":119,"column":17},"skip":true},"32":{"start":{"line":116,"column":20},"end":{"line":116,"column":78},"skip":true},"33":{"start":{"line":118,"column":20},"end":{"line":118,"column":53},"skip":true},"34":{"start":{"line":123,"column":8},"end":{"line":141,"column":11},"skip":true},"35":{"start":{"line":124,"column":12},"end":{"line":124,"column":54},"skip":true},"36":{"start":{"line":125,"column":12},"end":{"line":140,"column":14},"skip":true},"37":{"start":{"line":126,"column":16},"end":{"line":126,"column":28},"skip":true},"38":{"start":{"line":127,"column":16},"end":{"line":127,"column":69},"skip":true},"39":{"start":{"line":128,"column":16},"end":{"line":128,"column":75},"skip":true},"40":{"start":{"line":129,"column":16},"end":{"line":131,"column":17},"skip":true},"41":{"start":{"line":130,"column":20},"end":{"line":130,"column":27},"skip":true},"42":{"start":{"line":133,"column":16},"end":{"line":137,"column":36},"skip":true},"43":{"start":{"line":134,"column":20},"end":{"line":136,"column":55},"skip":true},"44":{"start":{"line":139,"column":16},"end":{"line":139,"column":57},"skip":true},"45":{"start":{"line":143,"column":8},"end":{"line":147,"column":11},"skip":true},"46":{"start":{"line":144,"column":12},"end":{"line":146,"column":15},"skip":true},"47":{"start":{"line":145,"column":16},"end":{"line":145,"column":70},"skip":true},"48":{"start":{"line":149,"column":8},"end":{"line":149,"column":31},"skip":true},"49":{"start":{"line":150,"column":8},"end":{"line":150,"column":14},"skip":true},"50":{"start":{"line":158,"column":8},"end":{"line":158,"column":31},"skip":true},"51":{"start":{"line":160,"column":8},"end":{"line":160,"column":33},"skip":true},"52":{"start":{"line":161,"column":8},"end":{"line":161,"column":37},"skip":true},"53":{"start":{"line":162,"column":8},"end":{"line":162,"column":35},"skip":true},"54":{"start":{"line":164,"column":8},"end":{"line":164,"column":50},"skip":true},"55":{"start":{"line":166,"column":8},"end":{"line":256,"column":2},"skip":true},"56":{"start":{"line":258,"column":8},"end":{"line":286,"column":9},"skip":true},"57":{"start":{"line":259,"column":12},"end":{"line":269,"column":14},"skip":true},"58":{"start":{"line":271,"column":12},"end":{"line":285,"column":19},"skip":true},"59":{"start":{"line":274,"column":20},"end":{"line":274,"column":35},"skip":true},"60":{"start":{"line":275,"column":20},"end":{"line":284,"column":21},"skip":true},"61":{"start":{"line":277,"column":24},"end":{"line":277,"column":64},"skip":true},"62":{"start":{"line":279,"column":24},"end":{"line":279,"column":40},"skip":true},"63":{"start":{"line":281,"column":24},"end":{"line":281,"column":40},"skip":true},"64":{"start":{"line":283,"column":24},"end":{"line":283,"column":39},"skip":true},"65":{"start":{"line":288,"column":8},"end":{"line":290,"column":9},"skip":true},"66":{"start":{"line":289,"column":12},"end":{"line":289,"column":18},"skip":true},"67":{"start":{"line":291,"column":8},"end":{"line":293,"column":54},"skip":true},"68":{"start":{"line":294,"column":8},"end":{"line":301,"column":37},"skip":true},"69":{"start":{"line":302,"column":8},"end":{"line":302,"column":82},"skip":true},"70":{"start":{"line":305,"column":8},"end":{"line":307,"column":9},"skip":true},"71":{"start":{"line":306,"column":12},"end":{"line":306,"column":82},"skip":true},"72":{"start":{"line":309,"column":8},"end":{"line":311,"column":9},"skip":true},"73":{"start":{"line":310,"column":12},"end":{"line":310,"column":18},"skip":true},"74":{"start":{"line":312,"column":8},"end":{"line":312,"column":54},"skip":true},"75":{"start":{"line":313,"column":8},"end":{"line":313,"column":69},"skip":true},"76":{"start":{"line":314,"column":8},"end":{"line":322,"column":36},"skip":true},"77":{"start":{"line":315,"column":12},"end":{"line":315,"column":61},"skip":true},"78":{"start":{"line":316,"column":12},"end":{"line":319,"column":13},"skip":true},"79":{"start":{"line":317,"column":16},"end":{"line":317,"column":75},"skip":true},"80":{"start":{"line":318,"column":16},"end":{"line":318,"column":23},"skip":true},"81":{"start":{"line":320,"column":12},"end":{"line":320,"column":38},"skip":true},"82":{"start":{"line":321,"column":12},"end":{"line":321,"column":27},"skip":true},"83":{"start":{"line":323,"column":8},"end":{"line":323,"column":14},"skip":true}},"branchMap":{"1":{"line":39,"type":"binary-expr","locations":[{"start":{"line":39,"column":23},"end":{"line":39,"column":62}},{"start":{"line":40,"column":20},"end":{"line":40,"column":70}},{"start":{"line":41,"column":20},"end":{"line":41,"column":71}},{"start":{"line":42,"column":20},"end":{"line":42,"column":29}}]},"2":{"line":44,"type":"binary-expr","locations":[{"start":{"line":44,"column":23},"end":{"line":44,"column":37}},{"start":{"line":45,"column":20},"end":{"line":45,"column":61}},{"start":{"line":46,"column":20},"end":{"line":46,"column":70}},{"start":{"line":47,"column":20},"end":{"line":47,"column":26}}]},"3":{"line":51,"type":"cond-expr","locations":[{"start":{"line":52,"column":14},"end":{"line":52,"column":20}},{"start":{"line":53,"column":14},"end":{"line":53,"column":20}}]},"4":{"line":55,"type":"binary-expr","locations":[{"start":{"line":55,"column":16},"end":{"line":55,"column":44}},{"start":{"line":55,"column":49},"end":{"line":57,"column":43}}]},"5":{"line":55,"type":"cond-expr","locations":[{"start":{"line":56,"column":14},"end":{"line":56,"column":48}},{"start":{"line":57,"column":14},"end":{"line":57,"column":43}}]},"6":{"line":61,"type":"switch","locations":[{"start":{"line":68,"column":4},"end":{"line":150,"column":14},"skip":true},{"start":{"line":156,"column":4},"end":{"line":323,"column":14},"skip":true}]},"7":{"line":70,"type":"if","locations":[{"start":{"line":70,"column":12},"end":{"line":70,"column":12},"skip":true},{"start":{"line":70,"column":12},"end":{"line":70,"column":12},"skip":true}]},"8":{"line":70,"type":"binary-expr","locations":[{"start":{"line":70,"column":16},"end":{"line":70,"column":22},"skip":true},{"start":{"line":70,"column":27},"end":{"line":70,"column":32},"skip":true},{"start":{"line":71,"column":20},"end":{"line":71,"column":39},"skip":true},{"start":{"line":72,"column":20},"end":{"line":72,"column":49},"skip":true},{"start":{"line":73,"column":20},"end":{"line":73,"column":58},"skip":true},{"start":{"line":74,"column":20},"end":{"line":74,"column":69},"skip":true}]},"9":{"line":79,"type":"switch","locations":[{"start":{"line":80,"column":20},"end":{"line":80,"column":33},"skip":true},{"start":{"line":81,"column":20},"end":{"line":83,"column":30},"skip":true},{"start":{"line":84,"column":20},"end":{"line":85,"column":49},"skip":true}]},"10":{"line":89,"type":"switch","locations":[{"start":{"line":90,"column":12},"end":{"line":103,"column":22},"skip":true},{"start":{"line":105,"column":12},"end":{"line":106,"column":22},"skip":true}]},"11":{"line":89,"type":"binary-expr","locations":[{"start":{"line":89,"column":20},"end":{"line":89,"column":25},"skip":true},{"start":{"line":89,"column":29},"end":{"line":89,"column":48},"skip":true},{"start":{"line":89,"column":52},"end":{"line":89,"column":74},"skip":true}]},"12":{"line":92,"type":"if","locations":[{"start":{"line":92,"column":16},"end":{"line":92,"column":16},"skip":true},{"start":{"line":92,"column":16},"end":{"line":92,"column":16},"skip":true}]},"13":{"line":108,"type":"if","locations":[{"start":{"line":108,"column":12},"end":{"line":108,"column":12},"skip":true},{"start":{"line":108,"column":12},"end":{"line":108,"column":12},"skip":true}]},"14":{"line":108,"type":"binary-expr","locations":[{"start":{"line":108,"column":16},"end":{"line":108,"column":61},"skip":true},{"start":{"line":108,"column":66},"end":{"line":108,"column":72},"skip":true},{"start":{"line":108,"column":77},"end":{"line":108,"column":82},"skip":true},{"start":{"line":109,"column":20},"end":{"line":109,"column":39},"skip":true},{"start":{"line":110,"column":20},"end":{"line":110,"column":49},"skip":true},{"start":{"line":111,"column":20},"end":{"line":111,"column":58},"skip":true},{"start":{"line":112,"column":20},"end":{"line":112,"column":68},"skip":true}]},"15":{"line":129,"type":"if","locations":[{"start":{"line":129,"column":16},"end":{"line":129,"column":16},"skip":true},{"start":{"line":129,"column":16},"end":{"line":129,"column":16},"skip":true}]},"16":{"line":134,"type":"cond-expr","locations":[{"start":{"line":135,"column":26},"end":{"line":135,"column":29},"skip":true},{"start":{"line":136,"column":26},"end":{"line":136,"column":54},"skip":true}]},"17":{"line":164,"type":"binary-expr","locations":[{"start":{"line":164,"column":27},"end":{"line":164,"column":43},"skip":true},{"start":{"line":164,"column":47},"end":{"line":164,"column":49},"skip":true}]},"18":{"line":258,"type":"if","locations":[{"start":{"line":258,"column":8},"end":{"line":258,"column":8},"skip":true},{"start":{"line":258,"column":8},"end":{"line":258,"column":8},"skip":true}]},"19":{"line":275,"type":"switch","locations":[{"start":{"line":276,"column":20},"end":{"line":277,"column":64},"skip":true},{"start":{"line":278,"column":20},"end":{"line":279,"column":40},"skip":true},{"start":{"line":280,"column":20},"end":{"line":281,"column":40},"skip":true},{"start":{"line":282,"column":20},"end":{"line":283,"column":39},"skip":true}]},"20":{"line":288,"type":"if","locations":[{"start":{"line":288,"column":8},"end":{"line":288,"column":8},"skip":true},{"start":{"line":288,"column":8},"end":{"line":288,"column":8},"skip":true}]},"21":{"line":288,"type":"binary-expr","locations":[{"start":{"line":288,"column":12},"end":{"line":288,"column":40},"skip":true},{"start":{"line":288,"column":44},"end":{"line":288,"column":67},"skip":true}]},"22":{"line":292,"type":"binary-expr","locations":[{"start":{"line":292,"column":12},"end":{"line":292,"column":50},"skip":true},{"start":{"line":293,"column":12},"end":{"line":293,"column":53},"skip":true}]},"23":{"line":295,"type":"binary-expr","locations":[{"start":{"line":295,"column":12},"end":{"line":295,"column":62},"skip":true},{"start":{"line":296,"column":12},"end":{"line":301,"column":36},"skip":true}]},"24":{"line":302,"type":"binary-expr","locations":[{"start":{"line":302,"column":43},"end":{"line":302,"column":75},"skip":true},{"start":{"line":302,"column":79},"end":{"line":302,"column":81},"skip":true}]},"25":{"line":305,"type":"if","locations":[{"start":{"line":305,"column":8},"end":{"line":305,"column":8},"skip":true},{"start":{"line":305,"column":8},"end":{"line":305,"column":8},"skip":true}]},"26":{"line":309,"type":"if","locations":[{"start":{"line":309,"column":8},"end":{"line":309,"column":8},"skip":true},{"start":{"line":309,"column":8},"end":{"line":309,"column":8},"skip":true}]},"27":{"line":312,"type":"binary-expr","locations":[{"start":{"line":312,"column":27},"end":{"line":312,"column":43},"skip":true},{"start":{"line":312,"column":47},"end":{"line":312,"column":53},"skip":true}]},"28":{"line":316,"type":"if","locations":[{"start":{"line":316,"column":12},"end":{"line":316,"column":12},"skip":true},{"start":{"line":316,"column":12},"end":{"line":316,"column":12},"skip":true}]}},"code":["/*","example.js","","quickstart example","","instruction","    1. save this script as example.js","    2. run the shell command:","        $ npm install npmtest-jspm && PORT=8081 node example.js","    3. play with the browser-demo on http://127.0.0.1:8081","*/","","","","/* istanbul instrument in package npmtest_jspm */","/*jslint","    bitwise: true,","    browser: true,","    maxerr: 8,","    maxlen: 96,","    node: true,","    nomen: true,","    regexp: true,","    stupid: true","*/","(function () {","    'use strict';","    var local;","","","","    // run shared js-env code - pre-init","    (function () {","        // init local","        local = {};","        // init modeJs","        local.modeJs = (function () {","            try {","                return typeof navigator.userAgent === 'string' &&","                    typeof document.querySelector('body') === 'object' &&","                    typeof XMLHttpRequest.prototype.open === 'function' &&","                    'browser';","            } catch (errorCaughtBrowser) {","                return module.exports &&","                    typeof process.versions.node === 'string' &&","                    typeof require('http').createServer === 'function' &&","                    'node';","            }","        }());","        // init global","        local.global = local.modeJs === 'browser'","            ? window","            : global;","        // init utility2_rollup","        local = local.global.utility2_rollup || (local.modeJs === 'browser'","            ? local.global.utility2_npmtest_jspm","            : global.utility2_moduleExports);","        // export local","        local.global.local = local;","    }());","    switch (local.modeJs) {","","","","    // post-init","    // run browser js-env code - post-init","    /* istanbul ignore next */","    case 'browser':","        local.testRunBrowser = function (event) {","            if (!event || (event &&","                    event.currentTarget &&","                    event.currentTarget.className &&","                    event.currentTarget.className.includes &&","                    event.currentTarget.className.includes('onreset'))) {","                // reset output","                Array.from(","                    document.querySelectorAll('body > .resettable')","                ).forEach(function (element) {","                    switch (element.tagName) {","                    case 'INPUT':","                    case 'TEXTAREA':","                        element.value = '';","                        break;","                    default:","                        element.textContent = '';","                    }","                });","            }","            switch (event && event.currentTarget && event.currentTarget.id) {","            case 'testRunButton1':","                // show tests","                if (document.querySelector('#testReportDiv1').style.display === 'none') {","                    document.querySelector('#testReportDiv1').style.display = 'block';","                    document.querySelector('#testRunButton1').textContent =","                        'hide internal test';","                    local.modeTest = true;","                    local.testRunDefault(local);","                // hide tests","                } else {","                    document.querySelector('#testReportDiv1').style.display = 'none';","                    document.querySelector('#testRunButton1').textContent = 'run internal test';","                }","                break;","            // custom-case","            default:","                break;","            }","            if (document.querySelector('#inputTextareaEval1') && (!event || (event &&","                    event.currentTarget &&","                    event.currentTarget.className &&","                    event.currentTarget.className.includes &&","                    event.currentTarget.className.includes('oneval')))) {","                // try to eval input-code","                try {","                    /*jslint evil: true*/","                    eval(document.querySelector('#inputTextareaEval1').value);","                } catch (errorCaught) {","                    console.error(errorCaught.stack);","                }","            }","        };","        // log stderr and stdout to #outputTextareaStdout1","        ['error', 'log'].forEach(function (key) {","            console[key + '_original'] = console[key];","            console[key] = function () {","                var element;","                console[key + '_original'].apply(console, arguments);","                element = document.querySelector('#outputTextareaStdout1');","                if (!element) {","                    return;","                }","                // append text to #outputTextareaStdout1","                element.value += Array.from(arguments).map(function (arg) {","                    return typeof arg === 'string'","                        ? arg","                        : JSON.stringify(arg, null, 4);","                }).join(' ') + '\\n';","                // scroll textarea to bottom","                element.scrollTop = element.scrollHeight;","            };","        });","        // init event-handling","        ['change', 'click', 'keyup'].forEach(function (event) {","            Array.from(document.querySelectorAll('.on' + event)).forEach(function (element) {","                element.addEventListener(event, local.testRunBrowser);","            });","        });","        // run tests","        local.testRunBrowser();","        break;","","","","    // run node js-env code - post-init","    /* istanbul ignore next */","    case 'node':","        // export local","        module.exports = local;","        // require modules","        local.fs = require('fs');","        local.http = require('http');","        local.url = require('url');","        // init assets","        local.assetsDict = local.assetsDict || {};","        /* jslint-ignore-begin */","        local.assetsDict['/assets.index.template.html'] = '\\","<!doctype html>\\n\\","<html lang=\"en\">\\n\\","<head>\\n\\","<meta charset=\"UTF-8\">\\n\\","<meta name=\"viewport\" content=\"width=device-width, initial-scale=1\">\\n\\","<title>{{env.npm_package_name}} (v{{env.npm_package_version}})</title>\\n\\","<style>\\n\\","/*csslint\\n\\","    box-sizing: false,\\n\\","    universal-selector: false\\n\\","*/\\n\\","* {\\n\\","    box-sizing: border-box;\\n\\","}\\n\\","body {\\n\\","    background: #dde;\\n\\","    font-family: Arial, Helvetica, sans-serif;\\n\\","    margin: 2rem;\\n\\","}\\n\\","body > * {\\n\\","    margin-bottom: 1rem;\\n\\","}\\n\\",".utility2FooterDiv {\\n\\","    margin-top: 20px;\\n\\","    text-align: center;\\n\\","}\\n\\","</style>\\n\\","<style>\\n\\","/*csslint\\n\\","*/\\n\\","textarea {\\n\\","    font-family: monospace;\\n\\","    height: 10rem;\\n\\","    width: 100%;\\n\\","}\\n\\","textarea[readonly] {\\n\\","    background: #ddd;\\n\\","}\\n\\","</style>\\n\\","</head>\\n\\","<body>\\n\\","<!-- utility2-comment\\n\\","<div id=\"ajaxProgressDiv1\" style=\"background: #d00; height: 2px; left: 0; margin: 0; padding: 0; position: fixed; top: 0; transition: background 0.5s, width 1.5s; width: 25%;\"></div>\\n\\","utility2-comment -->\\n\\","<h1>\\n\\","<!-- utility2-comment\\n\\","    <a\\n\\","        {{#if env.npm_package_homepage}}\\n\\","        href=\"{{env.npm_package_homepage}}\"\\n\\","        {{/if env.npm_package_homepage}}\\n\\","        target=\"_blank\"\\n\\","    >\\n\\","utility2-comment -->\\n\\","        {{env.npm_package_name}} (v{{env.npm_package_version}})\\n\\","<!-- utility2-comment\\n\\","    </a>\\n\\","utility2-comment -->\\n\\","</h1>\\n\\","<h3>{{env.npm_package_description}}</h3>\\n\\","<!-- utility2-comment\\n\\","<h4><a download href=\"assets.app.js\">download standalone app</a></h4>\\n\\","<button class=\"onclick onreset\" id=\"testRunButton1\">run internal test</button><br>\\n\\","<div id=\"testReportDiv1\" style=\"display: none;\"></div>\\n\\","utility2-comment -->\\n\\","\\n\\","\\n\\","\\n\\","<label>stderr and stdout</label>\\n\\","<textarea class=\"resettable\" id=\"outputTextareaStdout1\" readonly></textarea>\\n\\","<!-- utility2-comment\\n\\","{{#if isRollup}}\\n\\","<script src=\"assets.app.js\"></script>\\n\\","{{#unless isRollup}}\\n\\","utility2-comment -->\\n\\","<script src=\"assets.utility2.rollup.js\"></script>\\n\\","<script src=\"jsonp.utility2._stateInit?callback=window.utility2._stateInit\"></script>\\n\\","<script src=\"assets.npmtest_jspm.rollup.js\"></script>\\n\\","<script src=\"assets.example.js\"></script>\\n\\","<script src=\"assets.test.js\"></script>\\n\\","<!-- utility2-comment\\n\\","{{/if isRollup}}\\n\\","utility2-comment -->\\n\\","<div class=\"utility2FooterDiv\">\\n\\","    [ this app was created with\\n\\","    <a href=\"https://github.com/kaizhu256/node-utility2\" target=\"_blank\">utility2</a>\\n\\","    ]\\n\\","</div>\\n\\","</body>\\n\\","</html>\\n\\","';","        /* jslint-ignore-end */","        if (local.templateRender) {","            local.assetsDict['/'] = local.templateRender(","                local.assetsDict['/assets.index.template.html'],","                {","                    env: local.objectSetDefault(local.env, {","                        npm_package_description: 'the greatest app in the world!',","                        npm_package_name: 'my-app',","                        npm_package_nameAlias: 'my_app',","                        npm_package_version: '0.0.1'","                    })","                }","            );","        } else {","            local.assetsDict['/'] = local.assetsDict['/assets.index.template.html']","                .replace((/\\{\\{env\\.(\\w+?)\\}\\}/g), function (match0, match1) {","                    // jslint-hack","                    String(match0);","                    switch (match1) {","                    case 'npm_package_description':","                        return 'the greatest app in the world!';","                    case 'npm_package_name':","                        return 'my-app';","                    case 'npm_package_nameAlias':","                        return 'my_app';","                    case 'npm_package_version':","                        return '0.0.1';","                    }","                });","        }","        // run the cli","        if (local.global.utility2_rollup || module !== require.main) {","            break;","        }","        local.assetsDict['/assets.example.js'] =","            local.assetsDict['/assets.example.js'] ||","            local.fs.readFileSync(__filename, 'utf8');","        local.assetsDict['/assets.npmtest_jspm.rollup.js'] =","            local.assetsDict['/assets.npmtest_jspm.rollup.js'] ||","            local.fs.readFileSync(","                // buildCustomOrg-hack","                local.npmtest_jspm.__dirname +","                    '/lib.npmtest_jspm.js',","                'utf8'","            ).replace((/^#!/), '//');","        local.assetsDict['/favicon.ico'] = local.assetsDict['/favicon.ico'] || '';","        // if $npm_config_timeout_exit exists,","        // then exit this process after $npm_config_timeout_exit ms","        if (Number(process.env.npm_config_timeout_exit)) {","            setTimeout(process.exit, Number(process.env.npm_config_timeout_exit));","        }","        // start server","        if (local.global.utility2_serverHttp1) {","            break;","        }","        process.env.PORT = process.env.PORT || '8081';","        console.error('server starting on port ' + process.env.PORT);","        local.http.createServer(function (request, response) {","            request.urlParsed = local.url.parse(request.url);","            if (local.assetsDict[request.urlParsed.pathname] !== undefined) {","                response.end(local.assetsDict[request.urlParsed.pathname]);","                return;","            }","            response.statusCode = 404;","            response.end();","        }).listen(process.env.PORT);","        break;","    }","}());",""],"l":{"26":2,"28":2,"33":2,"35":2,"37":2,"38":2,"39":2,"44":1,"51":2,"55":2,"59":2,"61":2,"69":1,"70":2,"76":2,"79":2,"82":2,"83":2,"85":1,"89":2,"92":1,"93":1,"94":1,"96":1,"97":1,"100":1,"101":1,"103":1,"106":1,"108":2,"114":1,"116":1,"118":1,"123":1,"124":2,"125":2,"126":2,"127":2,"128":2,"129":2,"130":1,"133":2,"134":2,"139":2,"143":1,"144":3,"145":1,"149":1,"150":1,"158":1,"160":1,"161":1,"162":1,"164":1,"166":1,"258":1,"259":1,"271":1,"274":6,"275":6,"277":1,"279":2,"281":1,"283":2,"288":1,"289":1,"291":1,"294":1,"302":1,"305":1,"306":1,"309":1,"310":1,"312":1,"313":1,"314":1,"315":1,"316":1,"317":1,"318":1,"320":1,"321":1,"323":1}},"/home/travis/build/npmtest/node-npmtest-jspm/jspm/api.js":{"path":"/home/travis/build/npmtest/node-npmtest-jspm/jspm/api.js","s":{"1":1,"2":1,"3":1,"4":1,"5":1,"6":1,"7":1,"8":1,"9":1,"10":1,"11":0,"12":1,"13":1,"14":1,"15":0,"16":1,"17":1,"18":1,"19":1,"20":1,"21":0,"22":1,"23":1,"24":1,"25":0,"26":0,"27":1,"28":0,"29":0,"30":1,"31":0,"32":0,"33":0,"34":0,"35":0,"36":0,"37":1,"38":1,"39":0,"40":1,"41":0,"42":1,"43":0,"44":1,"45":0,"46":1,"47":0,"48":1,"49":0},"b":{"1":[0,0,0,0],"2":[0,1],"3":[1,0],"4":[0,0],"5":[0,0]},"f":{"1":0,"2":1,"3":0,"4":0,"5":0,"6":0,"7":0,"8":0,"9":0,"10":0,"11":0,"12":0},"fnMap":{"1":{"name":"(anonymous_1)","line":27,"loc":{"start":{"line":27,"column":28},"end":{"line":27,"column":45}}},"2":{"name":"(anonymous_2)","line":33,"loc":{"start":{"line":33,"column":21},"end":{"line":33,"column":43}}},"3":{"name":"(anonymous_3)","line":55,"loc":{"start":{"line":55,"column":21},"end":{"line":55,"column":44}}},"4":{"name":"(anonymous_4)","line":66,"loc":{"start":{"line":66,"column":16},"end":{"line":66,"column":43}}},"5":{"name":"(anonymous_5)","line":71,"loc":{"start":{"line":71,"column":13},"end":{"line":71,"column":40}}},"6":{"name":"(anonymous_6)","line":76,"loc":{"start":{"line":76,"column":13},"end":{"line":76,"column":24}}},"7":{"name":"(anonymous_7)","line":96,"loc":{"start":{"line":96,"column":13},"end":{"line":96,"column":53}}},"8":{"name":"(anonymous_8)","line":105,"loc":{"start":{"line":105,"column":15},"end":{"line":105,"column":26}}},"9":{"name":"(anonymous_9)","line":115,"loc":{"start":{"line":115,"column":16},"end":{"line":115,"column":56}}},"10":{"name":"(anonymous_10)","line":137,"loc":{"start":{"line":137,"column":14},"end":{"line":137,"column":46}}},"11":{"name":"(anonymous_11)","line":148,"loc":{"start":{"line":148,"column":16},"end":{"line":148,"column":32}}},"12":{"name":"(anonymous_12)","line":152,"loc":{"start":{"line":152,"column":15},"end":{"line":152,"column":36}}}},"statementMap":{"1":{"start":{"line":17,"column":0},"end":{"line":17,"column":39}},"2":{"start":{"line":18,"column":0},"end":{"line":18,"column":37}},"3":{"start":{"line":19,"column":0},"end":{"line":19,"column":33}},"4":{"start":{"line":20,"column":0},"end":{"line":20,"column":29}},"5":{"start":{"line":21,"column":0},"end":{"line":21,"column":50}},"6":{"start":{"line":22,"column":0},"end":{"line":22,"column":53}},"7":{"start":{"line":23,"column":0},"end":{"line":23,"column":37}},"8":{"start":{"line":24,"column":0},"end":{"line":24,"column":27}},"9":{"start":{"line":25,"column":0},"end":{"line":25,"column":50}},"10":{"start":{"line":27,"column":0},"end":{"line":29,"column":3}},"11":{"start":{"line":28,"column":2},"end":{"line":28,"column":99}},"12":{"start":{"line":31,"column":0},"end":{"line":31,"column":46}},"13":{"start":{"line":33,"column":0},"end":{"line":37,"column":2}},"14":{"start":{"line":34,"column":2},"end":{"line":35,"column":107}},"15":{"start":{"line":35,"column":4},"end":{"line":35,"column":107}},"16":{"start":{"line":36,"column":2},"end":{"line":36,"column":73}},"17":{"start":{"line":38,"column":0},"end":{"line":38,"column":24}},"18":{"start":{"line":52,"column":0},"end":{"line":52,"column":20}},"19":{"start":{"line":53,"column":0},"end":{"line":53,"column":17}},"20":{"start":{"line":55,"column":0},"end":{"line":57,"column":2}},"21":{"start":{"line":56,"column":2},"end":{"line":56,"column":31}},"22":{"start":{"line":59,"column":0},"end":{"line":59,"column":48}},"23":{"start":{"line":65,"column":0},"end":{"line":65,"column":14}},"24":{"start":{"line":66,"column":0},"end":{"line":69,"column":2}},"25":{"start":{"line":67,"column":2},"end":{"line":67,"column":44}},"26":{"start":{"line":68,"column":2},"end":{"line":68,"column":47}},"27":{"start":{"line":71,"column":0},"end":{"line":74,"column":2}},"28":{"start":{"line":72,"column":2},"end":{"line":72,"column":44}},"29":{"start":{"line":73,"column":2},"end":{"line":73,"column":44}},"30":{"start":{"line":76,"column":0},"end":{"line":86,"column":2}},"31":{"start":{"line":77,"column":2},"end":{"line":77,"column":20}},"32":{"start":{"line":79,"column":2},"end":{"line":79,"column":38}},"33":{"start":{"line":80,"column":2},"end":{"line":80,"column":48}},"34":{"start":{"line":82,"column":2},"end":{"line":82,"column":36}},"35":{"start":{"line":83,"column":2},"end":{"line":83,"column":21}},"36":{"start":{"line":85,"column":2},"end":{"line":85,"column":16}},"37":{"start":{"line":91,"column":0},"end":{"line":91,"column":29}},"38":{"start":{"line":96,"column":0},"end":{"line":98,"column":2}},"39":{"start":{"line":97,"column":2},"end":{"line":97,"column":54}},"40":{"start":{"line":105,"column":0},"end":{"line":107,"column":2}},"41":{"start":{"line":106,"column":2},"end":{"line":106,"column":27}},"42":{"start":{"line":115,"column":0},"end":{"line":117,"column":2}},"43":{"start":{"line":116,"column":2},"end":{"line":116,"column":57}},"44":{"start":{"line":137,"column":0},"end":{"line":139,"column":2}},"45":{"start":{"line":138,"column":2},"end":{"line":138,"column":48}},"46":{"start":{"line":148,"column":0},"end":{"line":150,"column":2}},"47":{"start":{"line":149,"column":2},"end":{"line":149,"column":34}},"48":{"start":{"line":152,"column":0},"end":{"line":154,"column":2}},"49":{"start":{"line":153,"column":2},"end":{"line":153,"column":40}}},"branchMap":{"1":{"line":28,"type":"binary-expr","locations":[{"start":{"line":28,"column":17},"end":{"line":28,"column":58}},{"start":{"line":28,"column":62},"end":{"line":28,"column":74}},{"start":{"line":28,"column":78},"end":{"line":28,"column":84}},{"start":{"line":28,"column":88},"end":{"line":28,"column":97}}]},"2":{"line":34,"type":"if","locations":[{"start":{"line":34,"column":2},"end":{"line":34,"column":2}},{"start":{"line":34,"column":2},"end":{"line":34,"column":2}}]},"3":{"line":34,"type":"binary-expr","locations":[{"start":{"line":34,"column":6},"end":{"line":34,"column":19}},{"start":{"line":34,"column":23},"end":{"line":34,"column":95}}]},"4":{"line":67,"type":"binary-expr","locations":[{"start":{"line":67,"column":14},"end":{"line":67,"column":23}},{"start":{"line":67,"column":27},"end":{"line":67,"column":43}}]},"5":{"line":72,"type":"binary-expr","locations":[{"start":{"line":72,"column":14},"end":{"line":72,"column":23}},{"start":{"line":72,"column":27},"end":{"line":72,"column":43}}]}},"code":["/*"," *   Copyright 2014-2015 Guy Bedford (http://guybedford.com)"," *"," *   Licensed under the Apache License, Version 2.0 (the \"License\");"," *   you may not use this file except in compliance with the License."," *   You may obtain a copy of the License at"," *"," *       http://www.apache.org/licenses/LICENSE-2.0"," *"," *   Unless required by applicable law or agreed to in writing, software"," *   distributed under the License is distributed on an \"AS IS\" BASIS,"," *   WITHOUT WARRANTIES OR CONDITIONS OF ANY KIND, either express or implied."," *   See the License for the specific language governing permissions and"," *   limitations under the License."," */","","var install = require('./lib/install');","var bundle = require('./lib/bundle');","var core = require('./lib/core');","var ui = require('./lib/ui');","var EventEmitter = require('events').EventEmitter;","var SystemJSLoader = require('systemjs').constructor;","var config = require('./lib/config');","var path = require('path');","var toFileURL = require('./lib/common').toFileURL;","","require('rsvp').on('error', function(reason) {","  ui.log('warn', 'Unhandled promise rejection.\\n' + reason && reason.stack || reason || '' + '\\n');","});","","var API = module.exports = new EventEmitter();","","API.setPackagePath = function(packagePath) {","  if (config.loaded && process.env.jspmConfigPath !== path.resolve(packagePath, 'package.json'))","    throw new Error('Configuration has already been loaded. Call setPackagePath before using other APIs.');","  process.env.jspmConfigPath = path.resolve(packagePath, 'package.json');","};","API.setPackagePath('.');","","/*"," * jspm.on('log', function(type, msg) { console.log(msg); });"," * jspm.on('prompt', function(prompt, callback) {"," *   if (prompt.type == 'confirm')"," *     callback({ confirm: true });"," *   if (prompt.type == 'input')"," *     callback({ input: value });"," * });"," *"," * Prompt as defined in https://github.com/SBoudrias/Inquirer.js/tree/master#question"," * Callback answer defined in https://github.com/SBoudrias/Inquirer.js/tree/master#answers"," */","ui.setResolver(API);","ui.useDefaults();","","API.promptDefaults = function(_useDefaults) {","  ui.useDefaults(_useDefaults);","};","","API.version = require('./package.json').version;","","/*"," * Loader API"," */","","var apiLoader;","API.normalize = function(name, parentName) {","  apiLoader = apiLoader || new API.Loader();","  return apiLoader.normalize(name, parentName);","};","","API.import = function(name, parentName) {","  apiLoader = apiLoader || new API.Loader();","  return apiLoader.import(name, parentName);","};","","API.Loader = function() {","  config.loadSync();","","  var cfg = config.loader.getConfig();","  cfg.baseURL = toFileURL(config.pjson.baseURL);","","  var loader = new SystemJSLoader();","  loader.config(cfg);","","  return loader;","};","","/*"," * Builder API"," */","API.Builder = bundle.Builder;","","// options.inject","// options.sourceMaps","// options.minify","API.bundle = function(expression, fileName, options) {","  return bundle.bundle(expression, fileName, options);","};","","/*"," * Remove the bundle configuration."," * This will allow you to move back to separate file mode"," * returns a promise"," */","API.unbundle = function() {","  return bundle.unbundle();","};","","","/*"," * Creates a distributable script file that can be used entirely on its own independent of SystemJS and jspm."," * returns a promise"," * options.minify, options.sourceMaps"," */","API.bundleSFX = function(expression, fileName, options) {","  return bundle.bundleSFX(expression, fileName, options);","};","","","/*"," * Package Management API"," *","","/*"," * Installs a library in the current folder"," * returns a promise"," *"," * jspm.install('jquery')"," * jspm.install('jquery', 'github:components/jquery@^2.0.0')"," * jspm.install('jquery', '2')"," * jspm.install('jquery', 'github:components/jquery')"," * jspm.install('jquery', { force: true });"," * jspm.install({ jquery: '1.2.3' }, { force: true })"," * jspm.install(true, options) // install from package.json"," *"," */","API.install = function(name, target, options) {","  return install.install(name, target, options);","};","","/* Uninstalls a library in the current folder."," * returns a promise"," *"," * jspm.uninstall('jquery')"," * jspm.uninstall(['jquery', 'handlebars'])"," *"," */","API.uninstall = function(names) {","  return install.uninstall(names);","};","","API.dlLoader = function(transpiler) {","  return core.checkDlLoader(transpiler);","};",""],"l":{"17":1,"18":1,"19":1,"20":1,"21":1,"22":1,"23":1,"24":1,"25":1,"27":1,"28":0,"31":1,"33":1,"34":1,"35":0,"36":1,"38":1,"52":1,"53":1,"55":1,"56":0,"59":1,"65":1,"66":1,"67":0,"68":0,"71":1,"72":0,"73":0,"76":1,"77":0,"79":0,"80":0,"82":0,"83":0,"85":0,"91":1,"96":1,"97":0,"105":1,"106":0,"115":1,"116":0,"137":1,"138":0,"148":1,"149":0,"152":1,"153":0}},"/home/travis/build/npmtest/node-npmtest-jspm/jspm/lib/install.js":{"path":"/home/travis/build/npmtest/node-npmtest-jspm/jspm/lib/install.js","s":{"1":1,"2":1,"3":1,"4":1,"5":1,"6":1,"7":1,"8":1,"9":1,"10":1,"11":1,"12":1,"13":1,"14":1,"15":1,"16":1,"17":1,"18":1,"19":1,"20":1,"21":1,"22":1,"23":1,"24":0,"25":0,"26":0,"27":0,"28":0,"29":0,"30":0,"31":0,"32":0,"33":0,"34":0,"35":0,"36":0,"37":0,"38":0,"39":0,"40":0,"41":0,"42":0,"43":0,"44":0,"45":0,"46":0,"47":0,"48":0,"49":0,"50":0,"51":0,"52":0,"53":0,"54":0,"55":1,"56":0,"57":0,"58":0,"59":0,"60":0,"61":0,"62":0,"63":0,"64":0,"65":0,"66":0,"67":0,"68":0,"69":0,"70":0,"71":0,"72":0,"73":0,"74":0,"75":0,"76":0,"77":0,"78":0,"79":0,"80":0,"81":0,"82":0,"83":0,"84":0,"85":0,"86":0,"87":0,"88":0,"89":0,"90":0,"91":0,"92":0,"93":0,"94":0,"95":0,"96":0,"97":0,"98":0,"99":0,"100":0,"101":0,"102":0,"103":0,"104":0,"105":0,"106":0,"107":0,"108":0,"109":0,"110":0,"111":0,"112":0,"113":0,"114":0,"115":0,"116":0,"117":0,"118":0,"119":0,"120":0,"121":0,"122":0,"123":0,"124":0,"125":0,"126":0,"127":0,"128":0,"129":0,"130":0,"131":0,"132":0,"133":0,"134":0,"135":0,"136":0,"137":1,"138":0,"139":0,"140":0,"141":0,"142":0,"143":0,"144":0,"145":0,"146":0,"147":0,"148":0,"149":0,"150":0,"151":0,"152":0,"153":0,"154":0,"155":0,"156":0,"157":0,"158":0,"159":0,"160":0,"161":0,"162":0,"163":1,"164":0,"165":0,"166":0,"167":0,"168":0,"169":1,"170":0,"171":0,"172":0,"173":0,"174":0,"175":0,"176":1,"177":0,"178":0,"179":0,"180":0,"181":0,"182":0,"183":0,"184":0,"185":0,"186":0,"187":0,"188":0,"189":1,"190":0,"191":0,"192":0,"193":0,"194":0,"195":0,"196":0,"197":0,"198":0,"199":0,"200":0,"201":0,"202":0,"203":0,"204":0,"205":0,"206":0,"207":0,"208":0,"209":0,"210":0,"211":0,"212":0,"213":0,"214":0,"215":0,"216":1,"217":1,"218":0,"219":0,"220":0,"221":0,"222":0,"223":0,"224":0,"225":0,"226":0,"227":0,"228":0,"229":0,"230":0,"231":0,"232":0,"233":0,"234":0,"235":0,"236":0,"237":0,"238":1,"239":0,"240":0,"241":0,"242":1,"243":0,"244":0,"245":0,"246":0,"247":0,"248":0,"249":0,"250":0,"251":0,"252":0,"253":0,"254":1,"255":0,"256":0,"257":0,"258":0,"259":1,"260":0,"261":0,"262":0,"263":0,"264":0,"265":0,"266":0,"267":0,"268":0,"269":0,"270":0,"271":0,"272":0,"273":0,"274":0,"275":0,"276":0,"277":1,"278":0,"279":0,"280":0,"281":0,"282":0,"283":0,"284":0,"285":0,"286":0,"287":0,"288":0,"289":0,"290":0,"291":0,"292":0,"293":0,"294":1,"295":0,"296":0,"297":0,"298":0,"299":0,"300":0,"301":0,"302":0,"303":0,"304":0,"305":0,"306":0,"307":0,"308":0,"309":0,"310":0,"311":0,"312":0,"313":0,"314":0,"315":0,"316":0,"317":1,"318":1,"319":0,"320":0,"321":0,"322":0,"323":0,"324":0,"325":0,"326":0,"327":0,"328":0,"329":0,"330":0,"331":0,"332":0,"333":0,"334":0,"335":0,"336":0,"337":0,"338":0,"339":0,"340":0,"341":0,"342":0,"343":0,"344":0,"345":0,"346":0,"347":0,"348":0,"349":0,"350":0,"351":0,"352":0,"353":0,"354":0,"355":1,"356":0,"357":0,"358":0,"359":0,"360":0,"361":0,"362":0,"363":0,"364":0,"365":0,"366":0,"367":0,"368":0,"369":0,"370":0,"371":0,"372":0,"373":0,"374":0,"375":0,"376":0,"377":0,"378":1,"379":1,"380":0,"381":0,"382":0,"383":0,"384":1,"385":0,"386":0,"387":0,"388":0,"389":0,"390":0,"391":0,"392":0,"393":0,"394":0,"395":0,"396":0,"397":0,"398":0,"399":0,"400":0,"401":0,"402":0,"403":0,"404":0,"405":0,"406":0,"407":0,"408":0,"409":0,"410":0,"411":0,"412":0,"413":0,"414":0,"415":0,"416":0,"417":0,"418":0,"419":0,"420":0,"421":0,"422":0,"423":0,"424":0,"425":1,"426":1,"427":0,"428":0,"429":0,"430":0,"431":0,"432":0,"433":0,"434":0,"435":0,"436":0,"437":0,"438":0,"439":0,"440":0,"441":0,"442":0,"443":0,"444":0,"445":0,"446":0,"447":0,"448":0,"449":0,"450":0,"451":0,"452":0,"453":0,"454":0,"455":0,"456":0,"457":0,"458":0,"459":0,"460":0,"461":0,"462":0,"463":0,"464":0,"465":0,"466":0,"467":0,"468":0,"469":0,"470":0,"471":0,"472":0,"473":0,"474":0,"475":1,"476":1,"477":0,"478":0,"479":0,"480":0,"481":0,"482":0,"483":0,"484":0,"485":0,"486":0,"487":0,"488":0,"489":0,"490":0,"491":0,"492":1,"493":0,"494":0,"495":0,"496":0,"497":0,"498":0,"499":0,"500":0,"501":0,"502":0,"503":1,"504":0,"505":0,"506":0,"507":0,"508":0,"509":0,"510":0,"511":0,"512":0,"513":0,"514":0,"515":1,"516":0,"517":0,"518":0,"519":0,"520":0,"521":0,"522":0,"523":0,"524":0,"525":0,"526":0,"527":0,"528":0,"529":0,"530":0,"531":0,"532":0,"533":0,"534":0,"535":0,"536":0,"537":0,"538":0,"539":0},"b":{"1":[0,0],"2":[0,0],"3":[0,0],"4":[0,0],"5":[0,0],"6":[0,0],"7":[0,0],"8":[0,0],"9":[0,0],"10":[0,0],"11":[0,0],"12":[0,0],"13":[0,0],"14":[0,0],"15":[0,0],"16":[0,0],"17":[0,0],"18":[0,0],"19":[0,0],"20":[0,0],"21":[0,0],"22":[0,0],"23":[0,0,0],"24":[0,0],"25":[0,0],"26":[0,0,0],"27":[0,0],"28":[0,0],"29":[0,0],"30":[0,0],"31":[0,0],"32":[0,0],"33":[0,0,0],"34":[0,0],"35":[0,0],"36":[0,0],"37":[0,0],"38":[0,0],"39":[0,0,0],"40":[0,0],"41":[0,0],"42":[0,0],"43":[0,0],"44":[0,0],"45":[0,0],"46":[0,0],"47":[0,0],"48":[0,0],"49":[0,0],"50":[0,0],"51":[0,0],"52":[0,0],"53":[0,0],"54":[0,0],"55":[0,0],"56":[0,0],"57":[0,0],"58":[0,0],"59":[0,0],"60":[0,0],"61":[0,0],"62":[0,0],"63":[0,0],"64":[0,0],"65":[0,0],"66":[0,0],"67":[0,0],"68":[0,0],"69":[0,0],"70":[0,0],"71":[0,0],"72":[0,0],"73":[0,0],"74":[0,0],"75":[0,0],"76":[0,0,0],"77":[0,0],"78":[0,0],"79":[0,0],"80":[0,0],"81":[0,0],"82":[0,0],"83":[0,0],"84":[0,0],"85":[0,0],"86":[0,0],"87":[0,0],"88":[0,0],"89":[0,0],"90":[0,0],"91":[0,0],"92":[0,0],"93":[0,0],"94":[0,0],"95":[0,0],"96":[0,0],"97":[0,0],"98":[0,0],"99":[0,0],"100":[0,0],"101":[0,0],"102":[0,0],"103":[0,0],"104":[0,0],"105":[0,0],"106":[0,0],"107":[0,0],"108":[0,0],"109":[0,0],"110":[0,0],"111":[0,0],"112":[0,0],"113":[0,0,0],"114":[0,0],"115":[0,0],"116":[0,0],"117":[0,0],"118":[0,0],"119":[0,0],"120":[0,0],"121":[0,0],"122":[0,0],"123":[0,0],"124":[0,0,0],"125":[0,0],"126":[0,0],"127":[0,0],"128":[0,0],"129":[0,0],"130":[0,0],"131":[0,0],"132":[0,0],"133":[0,0],"134":[0,0],"135":[0,0],"136":[0,0],"137":[0,0],"138":[0,0],"139":[0,0],"140":[0,0],"141":[0,0],"142":[0,0],"143":[0,0],"144":[0,0],"145":[0,0],"146":[0,0],"147":[0,0],"148":[0,0],"149":[0,0],"150":[0,0],"151":[0,0],"152":[0,0],"153":[0,0],"154":[0,0],"155":[0,0],"156":[0,0],"157":[0,0],"158":[0,0],"159":[0,0],"160":[0,0],"161":[0,0],"162":[0,0],"163":[0,0],"164":[0,0],"165":[0,0],"166":[0,0],"167":[0,0],"168":[0,0],"169":[0,0,0],"170":[0,0],"171":[0,0,0],"172":[0,0]},"f":{"1":0,"2":0,"3":0,"4":0,"5":0,"6":0,"7":0,"8":0,"9":0,"10":0,"11":0,"12":0,"13":0,"14":0,"15":0,"16":0,"17":0,"18":0,"19":0,"20":0,"21":0,"22":0,"23":0,"24":0,"25":0,"26":0,"27":0,"28":0,"29":0,"30":0,"31":0,"32":0,"33":0,"34":0,"35":0,"36":0,"37":0,"38":0,"39":0,"40":0,"41":0,"42":0,"43":0,"44":0,"45":0,"46":0,"47":0,"48":0,"49":0,"50":0,"51":0,"52":0,"53":0,"54":0,"55":0,"56":0,"57":0,"58":0,"59":0,"60":0,"61":0,"62":0,"63":0,"64":0,"65":0,"66":0,"67":0,"68":0,"69":0,"70":0,"71":0,"72":0,"73":0,"74":0,"75":0,"76":0,"77":0,"78":0,"79":0,"80":0,"81":0,"82":0,"83":0,"84":0,"85":0,"86":0,"87":0,"88":0,"89":0,"90":0,"91":0,"92":0,"93":0,"94":0,"95":0,"96":0,"97":0,"98":0,"99":0,"100":0,"101":0,"102":0,"103":0,"104":0,"105":0,"106":0,"107":0,"108":0,"109":0,"110":0,"111":0,"112":0,"113":0,"114":0,"115":0,"116":0},"fnMap":{"1":{"name":"(anonymous_1)","line":79,"loc":{"start":{"line":79,"column":18},"end":{"line":79,"column":45}}},"2":{"name":"(anonymous_2)","line":89,"loc":{"start":{"line":89,"column":8},"end":{"line":89,"column":19}}},"3":{"name":"(anonymous_3)","line":120,"loc":{"start":{"line":120,"column":48},"end":{"line":120,"column":63}}},"4":{"name":"(anonymous_4)","line":123,"loc":{"start":{"line":123,"column":10},"end":{"line":123,"column":21}}},"5":{"name":"(anonymous_5)","line":126,"loc":{"start":{"line":126,"column":10},"end":{"line":126,"column":21}}},"6":{"name":"install","line":173,"loc":{"start":{"line":173,"column":0},"end":{"line":173,"column":46}}},"7":{"name":"(anonymous_7)","line":180,"loc":{"start":{"line":180,"column":8},"end":{"line":180,"column":19}}},"8":{"name":"(anonymous_8)","line":186,"loc":{"start":{"line":186,"column":8},"end":{"line":186,"column":26}}},"9":{"name":"(anonymous_9)","line":201,"loc":{"start":{"line":201,"column":8},"end":{"line":201,"column":33}}},"10":{"name":"(anonymous_10)","line":235,"loc":{"start":{"line":235,"column":10},"end":{"line":235,"column":21}}},"11":{"name":"(anonymous_11)","line":243,"loc":{"start":{"line":243,"column":67},"end":{"line":243,"column":115}}},"12":{"name":"(anonymous_12)","line":245,"loc":{"start":{"line":245,"column":47},"end":{"line":245,"column":67}}},"13":{"name":"(anonymous_13)","line":265,"loc":{"start":{"line":265,"column":64},"end":{"line":265,"column":98}}},"14":{"name":"(anonymous_14)","line":269,"loc":{"start":{"line":269,"column":29},"end":{"line":269,"column":49}}},"15":{"name":"(anonymous_15)","line":279,"loc":{"start":{"line":279,"column":29},"end":{"line":279,"column":49}}},"16":{"name":"(anonymous_16)","line":301,"loc":{"start":{"line":301,"column":8},"end":{"line":301,"column":19}}},"17":{"name":"(anonymous_17)","line":316,"loc":{"start":{"line":316,"column":10},"end":{"line":316,"column":21}}},"18":{"name":"(anonymous_18)","line":326,"loc":{"start":{"line":326,"column":10},"end":{"line":326,"column":26}}},"19":{"name":"(anonymous_19)","line":334,"loc":{"start":{"line":334,"column":10},"end":{"line":334,"column":21}}},"20":{"name":"storeResolution","line":341,"loc":{"start":{"line":341,"column":2},"end":{"line":341,"column":29}}},"21":{"name":"downloadDeps","line":388,"loc":{"start":{"line":388,"column":2},"end":{"line":388,"column":32}}},"22":{"name":"(anonymous_22)","line":393,"loc":{"start":{"line":393,"column":74},"end":{"line":393,"column":85}}},"23":{"name":"(anonymous_23)","line":394,"loc":{"start":{"line":394,"column":49},"end":{"line":394,"column":63}}},"24":{"name":"getInstalledMatch","line":407,"loc":{"start":{"line":407,"column":0},"end":{"line":407,"column":49}}},"25":{"name":"checkMatch","line":420,"loc":{"start":{"line":420,"column":2},"end":{"line":420,"column":27}}},"26":{"name":"(anonymous_26)","line":428,"loc":{"start":{"line":428,"column":41},"end":{"line":428,"column":56}}},"27":{"name":"(anonymous_27)","line":431,"loc":{"start":{"line":431,"column":40},"end":{"line":431,"column":57}}},"28":{"name":"(anonymous_28)","line":433,"loc":{"start":{"line":433,"column":32},"end":{"line":433,"column":47}}},"29":{"name":"saveInstall","line":440,"loc":{"start":{"line":440,"column":0},"end":{"line":440,"column":23}}},"30":{"name":"(anonymous_30)","line":442,"loc":{"start":{"line":442,"column":8},"end":{"line":442,"column":19}}},"31":{"name":"(anonymous_31)","line":445,"loc":{"start":{"line":445,"column":44},"end":{"line":445,"column":56}}},"32":{"name":"(anonymous_32)","line":449,"loc":{"start":{"line":449,"column":43},"end":{"line":449,"column":55}}},"33":{"name":"(anonymous_33)","line":455,"loc":{"start":{"line":455,"column":8},"end":{"line":455,"column":19}}},"34":{"name":"(anonymous_34)","line":460,"loc":{"start":{"line":460,"column":45},"end":{"line":460,"column":59}}},"35":{"name":"(anonymous_35)","line":473,"loc":{"start":{"line":473,"column":46},"end":{"line":473,"column":60}}},"36":{"name":"logInstall","line":487,"loc":{"start":{"line":487,"column":0},"end":{"line":487,"column":55}}},"37":{"name":"getUpdateRangeText","line":522,"loc":{"start":{"line":522,"column":0},"end":{"line":522,"column":46}}},"38":{"name":"doResolution","line":531,"loc":{"start":{"line":531,"column":0},"end":{"line":531,"column":38}}},"39":{"name":"(anonymous_39)","line":538,"loc":{"start":{"line":538,"column":36},"end":{"line":538,"column":50}}},"40":{"name":"(anonymous_40)","line":543,"loc":{"start":{"line":543,"column":35},"end":{"line":543,"column":52}}},"41":{"name":"(anonymous_41)","line":545,"loc":{"start":{"line":545,"column":32},"end":{"line":545,"column":46}}},"42":{"name":"logResolution","line":552,"loc":{"start":{"line":552,"column":0},"end":{"line":552,"column":45}}},"43":{"name":"(anonymous_43)","line":555,"loc":{"start":{"line":555,"column":34},"end":{"line":555,"column":56}}},"44":{"name":"loadExistingForkRanges","line":563,"loc":{"start":{"line":563,"column":0},"end":{"line":563,"column":70}}},"45":{"name":"(anonymous_45)","line":565,"loc":{"start":{"line":565,"column":51},"end":{"line":565,"column":65}}},"46":{"name":"(anonymous_46)","line":575,"loc":{"start":{"line":575,"column":8},"end":{"line":575,"column":19}}},"47":{"name":"(anonymous_47)","line":576,"loc":{"start":{"line":576,"column":52},"end":{"line":576,"column":69}}},"48":{"name":"(anonymous_48)","line":579,"loc":{"start":{"line":579,"column":52},"end":{"line":579,"column":66}}},"49":{"name":"visitForkRanges","line":594,"loc":{"start":{"line":594,"column":0},"end":{"line":594,"column":68}}},"50":{"name":"(anonymous_50)","line":597,"loc":{"start":{"line":597,"column":36},"end":{"line":597,"column":50}}},"51":{"name":"(anonymous_51)","line":605,"loc":{"start":{"line":605,"column":35},"end":{"line":605,"column":52}}},"52":{"name":"(anonymous_52)","line":608,"loc":{"start":{"line":608,"column":35},"end":{"line":608,"column":49}}},"53":{"name":"resolveForks","line":631,"loc":{"start":{"line":631,"column":0},"end":{"line":631,"column":67}}},"54":{"name":"(anonymous_54)","line":637,"loc":{"start":{"line":637,"column":54},"end":{"line":637,"column":93}}},"55":{"name":"(anonymous_55)","line":659,"loc":{"start":{"line":659,"column":54},"end":{"line":659,"column":76}}},"56":{"name":"loadExistingRange","line":674,"loc":{"start":{"line":674,"column":0},"end":{"line":674,"column":49}}},"57":{"name":"(anonymous_57)","line":683,"loc":{"start":{"line":683,"column":8},"end":{"line":683,"column":19}}},"58":{"name":"(anonymous_58)","line":688,"loc":{"start":{"line":688,"column":10},"end":{"line":688,"column":21}}},"59":{"name":"(anonymous_59)","line":693,"loc":{"start":{"line":693,"column":12},"end":{"line":693,"column":23}}},"60":{"name":"(anonymous_60)","line":698,"loc":{"start":{"line":698,"column":60},"end":{"line":698,"column":86}}},"61":{"name":"(anonymous_61)","line":707,"loc":{"start":{"line":707,"column":14},"end":{"line":707,"column":31}}},"62":{"name":"(anonymous_62)","line":715,"loc":{"start":{"line":715,"column":10},"end":{"line":715,"column":25}}},"63":{"name":"(anonymous_63)","line":719,"loc":{"start":{"line":719,"column":8},"end":{"line":719,"column":25}}},"64":{"name":"(anonymous_64)","line":734,"loc":{"start":{"line":734,"column":10},"end":{"line":734,"column":28}}},"65":{"name":"showInstallGraph","line":748,"loc":{"start":{"line":748,"column":0},"end":{"line":748,"column":31}}},"66":{"name":"(anonymous_66)","line":754,"loc":{"start":{"line":754,"column":8},"end":{"line":754,"column":19}}},"67":{"name":"(anonymous_67)","line":756,"loc":{"start":{"line":756,"column":48},"end":{"line":756,"column":88}}},"68":{"name":"showVersions","line":782,"loc":{"start":{"line":782,"column":0},"end":{"line":782,"column":29}}},"69":{"name":"addDep","line":789,"loc":{"start":{"line":789,"column":2},"end":{"line":789,"column":23}}},"70":{"name":"(anonymous_70)","line":801,"loc":{"start":{"line":801,"column":41},"end":{"line":801,"column":55}}},"71":{"name":"(anonymous_71)","line":804,"loc":{"start":{"line":804,"column":40},"end":{"line":804,"column":57}}},"72":{"name":"(anonymous_72)","line":806,"loc":{"start":{"line":806,"column":32},"end":{"line":806,"column":46}}},"73":{"name":"(anonymous_73)","line":813,"loc":{"start":{"line":813,"column":39},"end":{"line":813,"column":53}}},"74":{"name":"(anonymous_74)","line":815,"loc":{"start":{"line":815,"column":12},"end":{"line":815,"column":27}}},"75":{"name":"(anonymous_75)","line":821,"loc":{"start":{"line":821,"column":32},"end":{"line":821,"column":46}}},"76":{"name":"(anonymous_76)","line":822,"loc":{"start":{"line":822,"column":55},"end":{"line":822,"column":73}}},"77":{"name":"clean","line":869,"loc":{"start":{"line":869,"column":0},"end":{"line":869,"column":17}}},"78":{"name":"(anonymous_78)","line":873,"loc":{"start":{"line":873,"column":8},"end":{"line":873,"column":19}}},"79":{"name":"(anonymous_79)","line":876,"loc":{"start":{"line":876,"column":47},"end":{"line":876,"column":61}}},"80":{"name":"(anonymous_80)","line":881,"loc":{"start":{"line":881,"column":46},"end":{"line":881,"column":60}}},"81":{"name":"(anonymous_81)","line":890,"loc":{"start":{"line":890,"column":24},"end":{"line":890,"column":42}}},"82":{"name":"(anonymous_82)","line":895,"loc":{"start":{"line":895,"column":14},"end":{"line":895,"column":37}}},"83":{"name":"(anonymous_83)","line":898,"loc":{"start":{"line":898,"column":11},"end":{"line":898,"column":34}}},"84":{"name":"(anonymous_84)","line":901,"loc":{"start":{"line":901,"column":14},"end":{"line":901,"column":40}}},"85":{"name":"(anonymous_85)","line":908,"loc":{"start":{"line":908,"column":48},"end":{"line":908,"column":71}}},"86":{"name":"(anonymous_86)","line":916,"loc":{"start":{"line":916,"column":8},"end":{"line":916,"column":19}}},"87":{"name":"(anonymous_87)","line":918,"loc":{"start":{"line":918,"column":11},"end":{"line":918,"column":23}}},"88":{"name":"(anonymous_88)","line":922,"loc":{"start":{"line":922,"column":12},"end":{"line":922,"column":28}}},"89":{"name":"(anonymous_89)","line":928,"loc":{"start":{"line":928,"column":39},"end":{"line":928,"column":53}}},"90":{"name":"(anonymous_90)","line":934,"loc":{"start":{"line":934,"column":53},"end":{"line":934,"column":71}}},"91":{"name":"(anonymous_91)","line":938,"loc":{"start":{"line":938,"column":12},"end":{"line":938,"column":34}}},"92":{"name":"(anonymous_92)","line":941,"loc":{"start":{"line":941,"column":16},"end":{"line":941,"column":30}}},"93":{"name":"(anonymous_93)","line":948,"loc":{"start":{"line":948,"column":13},"end":{"line":948,"column":27}}},"94":{"name":"(anonymous_94)","line":950,"loc":{"start":{"line":950,"column":16},"end":{"line":950,"column":27}}},"95":{"name":"(anonymous_95)","line":952,"loc":{"start":{"line":952,"column":31},"end":{"line":952,"column":49}}},"96":{"name":"(anonymous_96)","line":954,"loc":{"start":{"line":954,"column":20},"end":{"line":954,"column":37}}},"97":{"name":"(anonymous_97)","line":958,"loc":{"start":{"line":958,"column":16},"end":{"line":958,"column":27}}},"98":{"name":"(anonymous_98)","line":966,"loc":{"start":{"line":966,"column":8},"end":{"line":966,"column":19}}},"99":{"name":"readDirWithDepth","line":973,"loc":{"start":{"line":973,"column":0},"end":{"line":973,"column":43}}},"100":{"name":"(anonymous_100)","line":976,"loc":{"start":{"line":976,"column":8},"end":{"line":976,"column":24}}},"101":{"name":"(anonymous_101)","line":979,"loc":{"start":{"line":979,"column":33},"end":{"line":979,"column":48}}},"102":{"name":"(anonymous_102)","line":984,"loc":{"start":{"line":984,"column":12},"end":{"line":984,"column":31}}},"103":{"name":"(anonymous_103)","line":993,"loc":{"start":{"line":993,"column":14},"end":{"line":993,"column":30}}},"104":{"name":"(anonymous_104)","line":994,"loc":{"start":{"line":994,"column":24},"end":{"line":994,"column":39}}},"105":{"name":"(anonymous_105)","line":1001,"loc":{"start":{"line":1001,"column":8},"end":{"line":1001,"column":19}}},"106":{"name":"getDependentPackages","line":1007,"loc":{"start":{"line":1007,"column":0},"end":{"line":1007,"column":45}}},"107":{"name":"(anonymous_107)","line":1015,"loc":{"start":{"line":1015,"column":30},"end":{"line":1015,"column":44}}},"108":{"name":"(anonymous_108)","line":1025,"loc":{"start":{"line":1025,"column":20},"end":{"line":1025,"column":36}}},"109":{"name":"(anonymous_109)","line":1030,"loc":{"start":{"line":1030,"column":8},"end":{"line":1030,"column":19}}},"110":{"name":"(anonymous_110)","line":1033,"loc":{"start":{"line":1033,"column":18},"end":{"li
[...]
umn":6}},{"start":{"line":248,"column":6},"end":{"line":248,"column":6}}]},"43":{"line":266,"type":"if","locations":[{"start":{"line":266,"column":4},"end":{"line":266,"column":4}},{"start":{"line":266,"column":4},"end":{"line":266,"column":4}}]},"44":{"line":282,"type":"if","locations":[{"start":{"line":282,"column":6},"end":{"line":282,"column":6}},{"start":{"line":282,"column":6},"end":{"line":282,"column":6}}]},"45":{"line":288,"type":"if","locations":[{"start":{"line":288,"column":4},"end":{"line":288,"column":4}},{"start":{"line":288,"column":4},"end":{"line":288,"column":4}}]},"46":{"line":304,"type":"if","locations":[{"start":{"line":304,"column":4},"end":{"line":304,"column":4}},{"start":{"line":304,"column":4},"end":{"line":304,"column":4}}]},"47":{"line":313,"type":"cond-expr","locations":[{"start":{"line":313,"column":25},"end":{"line":313,"column":31}},{"start":{"line":313,"column":34},"end":{"line":313,"column":36}}]},"48":{"line":333,"type":"cond-expr","locations":[{"start":{"line":333,"column":63},"end":{"line":333,"column":108}},{"start":{"line":333,"column":112},"end":{"line":333,"column":120}}]},"49":{"line":333,"type":"cond-expr","locations":[{"start":{"line":333,"column":73},"end":{"line":333,"column":86}},{"start":{"line":333,"column":89},"end":{"line":333,"column":108}}]},"50":{"line":338,"type":"binary-expr","locations":[{"start":{"line":338,"column":8},"end":{"line":338,"column":18}},{"start":{"line":338,"column":22},"end":{"line":338,"column":72}}]},"51":{"line":339,"type":"binary-expr","locations":[{"start":{"line":339,"column":8},"end":{"line":339,"column":18}},{"start":{"line":339,"column":22},"end":{"line":339,"column":72}}]},"52":{"line":341,"type":"binary-expr","locations":[{"start":{"line":341,"column":8},"end":{"line":341,"column":18}},{"start":{"line":341,"column":22},"end":{"line":341,"column":102}}]},"53":{"line":342,"type":"binary-expr","locations":[{"start":{"line":342,"column":8},"end":{"line":342,"column":18}},{"start":{"line":342,"column":22},"end":{"line":342,"column":102}}]},"54":{"line":344,"type":"binary-expr","locations":[{"start":{"line":344,"column":8},"end":{"line":344,"column":18}},{"start":{"line":344,"column":22},"end":{"line":344,"column":92}}]},"55":{"line":345,"type":"binary-expr","locations":[{"start":{"line":345,"column":8},"end":{"line":345,"column":18}},{"start":{"line":345,"column":22},"end":{"line":345,"column":92}}]},"56":{"line":368,"type":"if","locations":[{"start":{"line":368,"column":2},"end":{"line":368,"column":2}},{"start":{"line":368,"column":2},"end":{"line":368,"column":2}}]},"57":{"line":371,"type":"if","locations":[{"start":{"line":371,"column":2},"end":{"line":371,"column":2}},{"start":{"line":371,"column":2},"end":{"line":371,"column":2}}]},"58":{"line":384,"type":"binary-expr","locations":[{"start":{"line":384,"column":18},"end":{"line":384,"column":21}},{"start":{"line":384,"column":25},"end":{"line":384,"column":34}},{"start":{"line":384,"column":38},"end":{"line":384,"column":41}}]},"59":{"line":395,"type":"if","locations":[{"start":{"line":395,"column":2},"end":{"line":395,"column":2}},{"start":{"line":395,"column":2},"end":{"line":395,"column":2}}]},"60":{"line":400,"type":"if","locations":[{"start":{"line":400,"column":2},"end":{"line":400,"column":2}},{"start":{"line":400,"column":2},"end":{"line":400,"column":2}}]},"61":{"line":409,"type":"if","locations":[{"start":{"line":409,"column":4},"end":{"line":409,"column":4}},{"start":{"line":409,"column":4},"end":{"line":409,"column":4}}]}},"code":["/*"," *   Copyright 2014-2015 Guy Bedford (http://guybedford.com)"," *"," *   Licensed under the Apache License, Version 2.0 (the \"License\");"," *   you may not use this file except in compliance with the License."," *   You may obtain a copy of the License at"," *"," *       http://www.apache.org/licenses/LICENSE-2.0"," *"," *   Unless required by applicable law or agreed to in writing, software"," *   distributed under the License is distributed on an \"AS IS\" BASIS,"," *   WITHOUT WARRANTIES OR CONDITIONS OF ANY KIND, either express or implied."," *   See the License for the specific language governing permissions and"," *   limitations under the License."," */","require('core-js/es6/string');","","var Promise = require('rsvp').Promise;","var path = require('path');","var nodeSemver = require('semver');","var ui = require('./ui');","var config = require('./config');","var registry = require('./registry');","var build = require('./build');","var PackageName = require('./config/package-name');","var fs = require('graceful-fs');","var mkdirp = require('mkdirp');","var rimraf = require('rimraf');","var ncp = require('ncp');","var asp = require('rsvp').denodeify;","var System = require('systemjs');","var install = require('./install');","var globalConfig = require('./global-config');","var toFileURL = require('./common').toFileURL;","","","var core = module.exports;","","// we always download the latest semver compatible version","var systemVersion = require('../package.json').dependencies.systemjs;","","var tPackages = {","  'babel':           'npm:babel-core@^5.8.24',","  'babel-runtime':   'npm:babel-runtime@^5.8.24',","  'core-js':         'npm:core-js@^1.1.4',","  'traceur':         'github:jmcriffey/bower-traceur@0.0.93',","  'traceur-runtime': 'github:jmcriffey/bower-traceur-runtime@0.0.93',","  'typescript':      'npm:typescript@^2.0.7'","};","","exports.run = function(moduleName) {","  return config.load()","  .then(function() {","    var cfg = config.loader.getConfig();","    delete cfg.bundles;","    cfg.baseURL = toFileURL(config.pjson.baseURL);","    System.config(cfg);","","    return System.import(moduleName);","  })","  .catch(function(e) {","    ui.log('err', e.stack || e);","  });","};","","exports.build = function() {","  var saveConfig = false;","","  return config.load()","  .then(function() {","    if (config.pjson.buildConfig.transpileES6 === undefined) {","      saveConfig = true;","      return ui.confirm('Transpile ES6?', true);","    }","  })","  .then(function(doTranspile) {","    if (doTranspile)","      config.pjson.buildConfig.transpileES6 = true;","","    if (!config.pjson.buildConfig || config.pjson.buildConfig.minify === undefined) {","      saveConfig = true;","      return ui.confirm('Minify?', true);","    }","  })","  .then(function(doMinify) {","    if (doMinify)","      config.pjson.buildConfig.minify = true;","","    if (saveConfig)","      return config.save();","  })","  .then(function() {","    return asp(rimraf)(config.pjson.dist);","  })","  .then(function() {","    return asp(ncp)(config.pjson.lib, config.pjson.dist);","  })","  .then(function() {","    return build.compileDir(config.pjson.dist, {","      format: config.pjson.format,","      map: config.pjson.map,","      transpile: config.pjson.buildConfig.transpileES6,","      minify: config.pjson.buildConfig.minify,","      removeJSExtensions: config.pjson.useJSExtensions","    });","  })","  .then(function(compileErrors) {","    if (compileErrors)","      ui.log('warn', 'Compile Errors:\\n' + compileErrors);","    else","      ui.log('ok', 'Build Completed');","  }, function(err) {","    ui.log('err', err.stack || err);","  });","};","","exports.setMode = function(modes) {","  if (!(modes instanceof Array))","    modes = [modes];","","  var msg = '';","","  return config.load()","  .then(function() {","    if (modes.indexOf('local') === -1)","      return true;","","    // set local","    Object.keys(config.loader.registries).forEach(function(e) {","      config.loader.registries[e].setLocal();","    });","","    msg += 'Loader set to local library sources\\n';","  })","  .then(function(unmatched) {","    if (modes.indexOf('remote') === -1)","      return unmatched;","","    // set remote","    Object.keys(config.loader.registries).forEach(function(e) {","      config.loader.registries[e].setRemote();","    });","","    msg += 'Loader set to CDN library sources\\n';","  })","  .then(function(unmatched) {","    if (unmatched)","      return ui.log('warn', 'Invalid mode');","","    return config.save()","    .then(function() {","      return msg;","    });","  });","};","","exports.dlTranspiler = function(transpilerName, update) {","  return config.load()","  .then(function() {","    var installObj = {};","","    transpilerName = transpilerName || config.loader.transpiler || globalConfig.config.defaultTranspiler;","    ","    // skip download if not using a transpiler","    if (transpilerName === 'none')","      return;","    ","    // read existing transpiler from package.json install","    var target = !update && (config.pjson.devDependencies[transpilerName] || config.pjson.dependencies[transpilerName]);","    if (target)","      installObj[transpilerName] = target.exactName;","    else","      installObj[transpilerName] = transpilerName === 'traceur' ? tPackages.traceur : transpilerName === 'typescript' || transpilerName == 'ts' ? tPackages.typescript : tPackages.babel;","    ","    // typescript does not have runtime library","    if (transpilerName !== 'typescript') {","      target = !update && (config.pjson.devDependencies[transpilerName + '-runtime'] || config.pjson.dependencies[transpilerName + '-runtime']);","      if (target)","        installObj[transpilerName + '-runtime'] = target.exactName;","      else","        installObj[transpilerName + '-runtime'] = transpilerName === 'traceur' ? tPackages['traceur-runtime'] : tPackages['babel-runtime'];","    }","    ","    if (transpilerName === 'babel') {","      target = !update && (config.pjson.devDependencies['core-js'] || config.pjson.dependencies['core-js']);","      if (target)","        installObj['core-js'] = target.exactName;","      else","        installObj['core-js'] = tPackages['core-js'];","    }","    ","    // just do a quick install which checks basic existence","    return install.install(installObj, { quick: !update, dev: true, summary: false });","  })","  .then(function() {","    if (config.loader.transpiler !== transpilerName) {","      config.loader.transpiler = transpilerName;","      ","      if (transpilerName !== 'none')","        ui.log('ok', 'ES6 transpiler set to %' + transpilerName + '%.');","    }","    if (transpilerName === 'babel')","      if (!config.loader.babelOptions.optional)","        config.loader.babelOptions.optional = ['runtime', 'optimisation.modules.system'];","    return config.save();","  });","};","","// check and download module loader files","exports.checkDlLoader = function(transpilerName) {","  return config.load()","  .then(function() {","    transpilerName = transpilerName || config.loader.transpiler || globalConfig.config.defaultTranspiler;","    var tPkgs = [];","    if (transpilerName === 'traceur')","      tPkgs = ['traceur', 'traceur-runtime'];","    else if (transpilerName === 'babel')","      tPkgs = ['babel', 'babel-runtime', 'core-js'];","    else if (transpilerName === 'typescript')","      tPkgs = ['typescript'];","      ","    tPkgs.forEach(function(p) {","      if (config.loader.baseMap[p])","        if (config.loader.baseMap[p].version !== tPackages[p].split('@').pop() && !nodeSemver.satisfies(config.loader.baseMap[p].version, tPackages[p].split('@').pop()))","          ui.log('warn', '`' + p + '@' + config.loader.baseMap[p].version + '` is unsupported for this version of jspm. Use %jspm dl-loader --latest% to update.');","    });","  })","  .then(function() {","    return asp(fs.readFile)(path.resolve(config.pjson.packages, '.loaderversions'));","  })","  .catch(function(err) {","    if (err.code === 'ENOENT')","      return '';","    throw err;","  })","  .then(function(cacheVersions) {","    if (cacheVersions.toString() !== systemVersion)","      return exports.dlLoader(transpilerName);","","    // even if version file is fresh, still check files exist","    return asp(fs.readdir)(config.pjson.packages)","    .catch(function(err) {","      if (err.code === 'ENOENT')","        return [];","      throw err;","    })","    .then(function(files) {","      if (files.indexOf('system.js') === -1)","        return exports.dlLoader(transpilerName);","      return exports.dlTranspiler(transpilerName);","    });","  });","};","","// mini registry API usage implementation","var loaderFilesCacheDir = path.join(config.HOME, '.jspm', 'loader-files');","","function dl(name, repo, version) {","  var pkg = new PackageName(repo);","  var endpoint = registry.load(pkg.registry);","  var vMatch, vMatchLookup;","  var dlDir = path.resolve(loaderFilesCacheDir, name);","","  return endpoint.lookup(pkg.package)","  .then(function(lookup) {","    if (!(nodeSemver.validRange(version)))","      vMatch = version;","    else","      vMatch = Object.keys(lookup.versions)","      .filter(nodeSemver.valid)","      .sort(nodeSemver.compare).reverse()","      .filter(function(v) {","        return nodeSemver.satisfies(v, version);","      })[0];","","    vMatchLookup = lookup.versions[vMatch];","","    return asp(fs.readFile)(path.resolve(dlDir, '.hash'))","    .then(function(_hash) {","      return _hash.toString() === vMatchLookup.hash;","    }, function (e) {","      if (e.code === 'ENOENT')","        return;","      throw e;","    });","  })","  .then(function(cached) {","    if (cached)","      return;","","    return endpoint.download(pkg.package, vMatch, vMatchLookup.hash, vMatchLookup.meta, dlDir)","    .then(function() {","      return fs.writeFile(path.resolve(dlDir, '.hash'), vMatchLookup.hash);","    });","  })","  .then(function() {","    return vMatch;","  });","}","","// file copy implementation","function cp(file, name, transform) {","  return asp(fs.readFile)(path.resolve(loaderFilesCacheDir, file)).then(function(source) {","    if (transform)","      source = transform(source.toString());","    ui.log('info', '  `' + name + '`');","    return asp(fs.writeFile)(path.resolve(config.pjson.packages, name), source);","  });","}","","exports.dlLoader = function(transpilerName, unminified, edge, latest) {","  ui.log('info', 'Looking up loader files...');","  var min = unminified ? '.src' : '';","","  var using = {};","","  return config.load()","  .then(function() {","    return asp(mkdirp)(config.pjson.packages);","  })","  .then(function() {","    // delete old versions","    return asp(fs.readdir)(config.pjson.packages);","  })","  .then(function(files) {","    return Promise.all(files.filter(function(file) {","      return file.match(/^(system-csp|system-csp-production|system|es6-module-loader|traceur|babel|system-polyfills|typescript)/);","    }).map(function(file) {","      return asp(fs.unlink)(path.resolve(config.pjson.packages, file));","    }));","  })","  .then(function() {","    return dl('systemjs', 'github:systemjs/systemjs', !edge ? (!latest ? systemVersion : '^' + systemVersion) : 'master')","    .then(function(version) {","      using.system = version;","      return Promise.all([","        cp('systemjs/dist/system' + min + '.js', 'system.js'),","        unminified || cp('systemjs/dist/system.src.js', 'system.src.js'),","        unminified || cp('systemjs/dist/system.js.map', 'system.js.map'),","        cp('systemjs/dist/system-csp-production' + min + '.js', 'system-csp-production.js'),","        unminified || cp('systemjs/dist/system-csp-production.src.js', 'system-csp-production.src.js'),","        unminified || cp('systemjs/dist/system-csp-production.js.map', 'system-csp-production.js.map'),","        cp('systemjs/dist/system-polyfills' + min + '.js', 'system-polyfills.js'),","        unminified || cp('systemjs/dist/system-polyfills.src.js', 'system-polyfills.src.js'),","        unminified || cp('systemjs/dist/system-polyfills.js.map', 'system-polyfills.js.map')","      ]);","    });","  })","  .then(function() {","    ui.log('info', '\\nUsing loader versions:');","    ui.log('info', '  `systemjs@' + using.system + '`');","","    return asp(fs.writeFile)(path.resolve(config.pjson.packages, '.loaderversions'), systemVersion);","  })","  .then(function() {","    return exports.dlTranspiler(transpilerName, latest);","  })","  .then(function() {","    ui.log('ok', 'Loader files downloaded successfully');","  }, function(err) {","    ui.log('err', err);","    ui.log('err', 'Error downloading loader files.');","    throw err;","  });","};","","exports.init = function init(basePath, ask) {","  if (basePath)","    process.env.jspmConfigPath = path.resolve(basePath, 'package.json');","  var relBase = path.relative(process.cwd(), path.dirname(process.env.jspmConfigPath));","  if (relBase !== '')","    ui.log('info', 'Initializing package at `' + relBase + '/`\\nUse %jspm init .% to intialize into the current folder.');","  return config.load(ask)","  .then(function() {","    return config.save();","  })","  .then(function() {","    ui.log('ok', 'Verified package.json at %' + path.relative(process.cwd(), config.pjsonPath) + '%\\nVerified config file at %' + path.relative(process.cwd(), config.pjson.configFile) + '%');","  })","  .then(function() {","    return core.checkDlLoader();","  })","  .catch(function(err) {","    ui.log('err', err && err.stack || err);","  });","};","","exports.cacheClear = function() {","  var jspmDir = path.resolve(config.HOME, '.jspm'),","      packagesCacheDir = path.join(jspmDir, 'packages'),","      loaderCacheDir = path.join(jspmDir, 'loader-files'),","      files, filesLength, fileName, i;","","  // Clear loader files","  if (fs.existsSync(loaderCacheDir))","    rimraf.sync(loaderCacheDir);","  ui.log('ok', 'Loader file cache cleared.');","","  // Clear packages cache folder","  if (fs.existsSync(packagesCacheDir))","    rimraf.sync(packagesCacheDir);","  ui.log('ok', 'Package cache cleared.');","","  // Clear registry cache folders","  files = fs.readdirSync(jspmDir);","  filesLength = files.length;","  for (i = 0; i < filesLength; i++) {","    fileName = files[i];","    if (fileName.endsWith('-cache')) {","      rimraf.sync(path.join(jspmDir, fileName));","      ui.log('ok', '%' + fileName.substr(0, fileName.length - '-cache'.length) + '% cache cleared.');","    }","  }","","  ui.log('warn', 'All caches cleared.');","  ui.log('info', 'Please post an issue if you suspect the cache isn\\'t invalidating properly.');","  ui.log('info', '%jspm install -f% is equivalent to running a cache clear for that specific package tree.');","};",""],"l":{"16":1,"18":1,"19":1,"20":1,"21":1,"22":1,"23":1,"24":1,"25":1,"26":1,"27":1,"28":1,"29":1,"30":1,"31":1,"32":1,"33":1,"34":1,"37":1,"40":1,"42":1,"51":1,"52":0,"54":0,"55":0,"56":0,"57":0,"59":0,"62":0,"66":1,"67":0,"69":0,"71":0,"72":0,"73":0,"77":0,"78":0,"80":0,"81":0,"82":0,"86":0,"87":0,"89":0,"90":0,"93":0,"96":0,"99":0,"108":0,"109":0,"111":0,"113":0,"117":1,"118":0,"119":0,"121":0,"123":0,"125":0,"126":0,"129":0,"130":0,"133":0,"136":0,"137":0,"140":0,"141":0,"144":0,"147":0,"148":0,"150":0,"152":0,"157":1,"158":0,"160":0,"162":0,"165":0,"166":0,"169":0,"170":0,"171":0,"173":0,"176":0,"177":0,"178":0,"179":0,"181":0,"184":0,"185":0,"186":0,"187":0,"189":0,"193":0,"196":0,"197":0,"199":0,"200":0,"202":0,"203":0,"204":0,"205":0,"210":1,"211":0,"213":0,"214":0,"215":0,"216":0,"217":0,"218":0,"219":0,"220":0,"222":0,"223":0,"224":0,"225":0,"229":0,"232":0,"233":0,"234":0,"237":0,"238":0,"241":0,"243":0,"244":0,"245":0,"248":0,"249":0,"250":0,"256":1,"258":1,"259":0,"260":0,"261":0,"262":0,"264":0,"266":0,"267":0,"269":0,"273":0,"276":0,"278":0,"280":0,"282":0,"283":0,"284":0,"288":0,"289":0,"291":0,"293":0,"297":0,"302":1,"303":0,"304":0,"305":0,"306":0,"307":0,"311":1,"312":0,"313":0,"315":0,"317":0,"319":0,"323":0,"326":0,"327":0,"329":0,"333":0,"335":0,"336":0,"350":0,"351":0,"353":0,"356":0,"359":0,"361":0,"362":0,"363":0,"367":1,"368":0,"369":0,"370":0,"371":0,"372":0,"373":0,"375":0,"378":0,"381":0,"384":0,"388":1,"389":0,"395":0,"396":0,"397":0,"400":0,"401":0,"402":0,"405":0,"406":0,"407":0,"408":0,"409":0,"410":0,"411":0,"415":0,"416":0,"417":0}}}